Info: Nothing to build for rot_enc
Info: Nothing to build for rot_enc
21:54:36 **** Rebuild of configuration Debug for project rot_enc ****
Info: Internal Builder is used for build
arm-atollic-eabi-gcc -c -mthumb -mcpu=cortex-m4 -mfloat-abi=hard -mfpu=fpv4-sp-d16 -std=gnu11 -D__weak=__attribute__((weak)) -D__packed=__attribute__((__packed__)) -DUSE_HAL_DRIVER -DSTM32F446xx -I../Inc -I../Drivers/STM32F4xx_HAL_Driver/Inc -I../Drivers/STM32F4xx_HAL_Driver/Inc/Legacy -I../Drivers/CMSIS/Device/ST/STM32F4xx/Include -I../Drivers/CMSIS/Include -Os -ffunction-sections -fdata-sections -g -fstack-usage -Wall -specs=nano.specs -o Drivers\STM32F4xx_HAL_Driver\Src\stm32f4xx_hal_cortex.o ..\Drivers\STM32F4xx_HAL_Driver\Src\stm32f4xx_hal_cortex.c 
In file included from ../Drivers/STM32F4xx_HAL_Driver/Inc/stm32f4xx_hal_def.h:46:0,
                 from ../Drivers/STM32F4xx_HAL_Driver/Inc/stm32f4xx_hal_rcc.h:45,
                 from ../Inc/stm32f4xx_hal_conf.h:245,
                 from ../Drivers/STM32F4xx_HAL_Driver/Inc/stm32f4xx_hal.h:46,
                 from ..\Drivers\STM32F4xx_HAL_Driver\Src\stm32f4xx_hal_cortex.c:99:
../Inc/stm32f4xx.h:9114:30: fatal error: stm32f4xx_conf.h: No such file or directory
   #include "stm32f4xx_conf.h"
                              ^
compilation terminated.
21:55:57 **** Rebuild of configuration Debug for project rot_enc ****
Info: Internal Builder is used for build
arm-atollic-eabi-gcc -c -mthumb -mcpu=cortex-m4 -mfloat-abi=hard -mfpu=fpv4-sp-d16 -std=gnu11 -D__weak=__attribute__((weak)) -D__packed=__attribute__((__packed__)) -DUSE_HAL_DRIVER -DSTM32F446xx -I../Inc -I../Drivers/STM32F4xx_HAL_Driver/Inc -I../Drivers/STM32F4xx_HAL_Driver/Inc/Legacy -I../Drivers/CMSIS/Device/ST/STM32F4xx/Include -I../Drivers/CMSIS/Include -Os -ffunction-sections -fdata-sections -g -fstack-usage -Wall -specs=nano.specs -o Src\system_stm32f4xx.o ..\Src\system_stm32f4xx.c 
In file included from ..\Src\system_stm32f4xx.c:65:0:
../Inc/stm32f4xx.h:9114:30: fatal error: stm32f4xx_conf.h: No such file or directory
   #include "stm32f4xx_conf.h"
                              ^
compilation terminated.
21:58:01 **** Rebuild of configuration Debug for project rot_enc ****
Info: Internal Builder is used for build
arm-atollic-eabi-gcc -c -mthumb -mcpu=cortex-m4 -mfloat-abi=hard -mfpu=fpv4-sp-d16 -std=gnu11 -D__weak=__attribute__((weak)) -D__packed=__attribute__((__packed__)) -DUSE_HAL_DRIVER -DSTM32F446xx -I../Inc -I../Drivers/STM32F4xx_HAL_Driver/Inc -I../Drivers/STM32F4xx_HAL_Driver/Inc/Legacy -I../Drivers/CMSIS/Device/ST/STM32F4xx/Include -I../Drivers/CMSIS/Include -Os -ffunction-sections -fdata-sections -g -fstack-usage -Wall -specs=nano.specs -o Src\main.o ..\Src\main.c 
arm-atollic-eabi-gcc -c -mthumb -mcpu=cortex-m4 -mfloat-abi=hard -mfpu=fpv4-sp-d16 -std=gnu11 -D__weak=__attribute__((weak)) -D__packed=__attribute__((__packed__)) -DUSE_HAL_DRIVER -DSTM32F446xx -I../Inc -I../Drivers/STM32F4xx_HAL_Driver/Inc -I../Drivers/STM32F4xx_HAL_Driver/Inc/Legacy -I../Drivers/CMSIS/Device/ST/STM32F4xx/Include -I../Drivers/CMSIS/Include -Os -ffunction-sections -fdata-sections -g -fstack-usage -Wall -specs=nano.specs -o Drivers\STM32F4xx_HAL_Driver\Src\stm32f4xx_hal_gpio.o ..\Drivers\STM32F4xx_HAL_Driver\Src\stm32f4xx_hal_gpio.c 
..\Drivers\STM32F4xx_HAL_Driver\Src\stm32f4xx_hal_gpio.c: In function 'HAL_GPIO_WritePin':
..\Drivers\STM32F4xx_HAL_Driver\Src\stm32f4xx_hal_gpio.c:436:10: error: 'GPIO_TypeDef {aka struct <anonymous>}' has no member named 'BSRR'; did you mean 'BSRRL'?
     GPIOx->BSRR = GPIO_Pin;
          ^~
..\Drivers\STM32F4xx_HAL_Driver\Src\stm32f4xx_hal_gpio.c:440:10: error: 'GPIO_TypeDef {aka struct <anonymous>}' has no member named 'BSRR'; did you mean 'BSRRL'?
     GPIOx->BSRR = (uint32_t)GPIO_Pin << 16U;
          ^~
..\Drivers\STM32F4xx_HAL_Driver\Src\stm32f4xx_hal_gpio.c: In function 'HAL_GPIO_LockPin':
..\Drivers\STM32F4xx_HAL_Driver\Src\stm32f4xx_hal_gpio.c:472:23: error: 'GPIO_LCKR_LCKK' undeclared (first use in this function)
   __IO uint32_t tmp = GPIO_LCKR_LCKK;
                       ^~~~~~~~~~~~~~
..\Drivers\STM32F4xx_HAL_Driver\Src\stm32f4xx_hal_gpio.c:472:23: note: each undeclared identifier is reported only once for each function it appears in
..\Drivers\STM32F4xx_HAL_Driver\Src\stm32f4xx_hal_gpio.c:496:1: warning: control reaches end of non-void function [-Wreturn-type]
 }
 ^
22:01:41 **** Rebuild of configuration Debug for project rot_enc ****
Info: Internal Builder is used for build
arm-atollic-eabi-gcc -c -mthumb -mcpu=cortex-m4 -mfloat-abi=hard -mfpu=fpv4-sp-d16 -std=gnu11 -D__weak=__attribute__((weak)) -D__packed=__attribute__((__packed__)) -DUSE_HAL_DRIVER -DSTM32F446xx -I../Inc -I../Drivers/STM32F4xx_HAL_Driver/Inc -I../Drivers/STM32F4xx_HAL_Driver/Inc/Legacy -I../Drivers/CMSIS/Device/ST/STM32F4xx/Include -I../Drivers/CMSIS/Include -Os -ffunction-sections -fdata-sections -g -fstack-usage -Wall -specs=nano.specs -o Drivers\STM32F4xx_HAL_Driver\Src\stm32f4xx_hal_rcc.o ..\Drivers\STM32F4xx_HAL_Driver\Src\stm32f4xx_hal_rcc.c 
In file included from ../Drivers/STM32F4xx_HAL_Driver/Inc/stm32f4xx_hal_def.h:46:0,
                 from ../Drivers/STM32F4xx_HAL_Driver/Inc/stm32f4xx_hal_rcc.h:45,
                 from ../Inc/stm32f4xx_hal_conf.h:245,
                 from ../Drivers/STM32F4xx_HAL_Driver/Inc/stm32f4xx_hal.h:46,
                 from ..\Drivers\STM32F4xx_HAL_Driver\Src\stm32f4xx_hal_rcc.c:85:
..\Drivers\STM32F4xx_HAL_Driver\Src\stm32f4xx_hal_rcc.c: In function 'HAL_RCC_OscConfig':
../Drivers/STM32F4xx_HAL_Driver/Inc/stm32f4xx_hal_rcc.h:863:64: error: 'RCC_CR_HSITRIM_Pos' undeclared (first use in this function)
         RCC_CR_HSITRIM, (uint32_t)(__HSICalibrationValue__) << RCC_CR_HSITRIM_Pos))
                                                                ^
../Inc/stm32f4xx.h:9129:41: note: in definition of macro 'WRITE_REG'
 #define WRITE_REG(REG, VAL)   ((REG) = (VAL))
                                         ^~~
../Drivers/STM32F4xx_HAL_Driver/Inc/stm32f4xx_hal_rcc.h:862:73: note: in expansion of macro 'MODIFY_REG'
 #define __HAL_RCC_HSI_CALIBRATIONVALUE_ADJUST(__HSICalibrationValue__) (MODIFY_REG(RCC->CR,\
                                                                         ^~~~~~~~~~
..\Drivers\STM32F4xx_HAL_Driver\Src\stm32f4xx_hal_rcc.c:319:9: note: in expansion of macro '__HAL_RCC_HSI_CALIBRATIONVALUE_ADJUST'
         __HAL_RCC_HSI_CALIBRATIONVALUE_ADJUST(RCC_OscInitStruct->HSICalibrationValue);
         ^
../Drivers/STM32F4xx_HAL_Driver/Inc/stm32f4xx_hal_rcc.h:863:64: note: each undeclared identifier is reported only once for each function it appears in
         RCC_CR_HSITRIM, (uint32_t)(__HSICalibrationValue__) << RCC_CR_HSITRIM_Pos))
                                                                ^
../Inc/stm32f4xx.h:9129:41: note: in definition of macro 'WRITE_REG'
 #define WRITE_REG(REG, VAL)   ((REG) = (VAL))
                                         ^~~
../Drivers/STM32F4xx_HAL_Driver/Inc/stm32f4xx_hal_rcc.h:862:73: note: in expansion of macro 'MODIFY_REG'
 #define __HAL_RCC_HSI_CALIBRATIONVALUE_ADJUST(__HSICalibrationValue__) (MODIFY_REG(RCC->CR,\
                                                                         ^~~~~~~~~~
..\Drivers\STM32F4xx_HAL_Driver\Src\stm32f4xx_hal_rcc.c:319:9: note: in expansion of macro '__HAL_RCC_HSI_CALIBRATIONVALUE_ADJUST'
         __HAL_RCC_HSI_CALIBRATIONVALUE_ADJUST(RCC_OscInitStruct->HSICalibrationValue);
         ^
..\Drivers\STM32F4xx_HAL_Driver\Src\stm32f4xx_hal_rcc.c:512:66: error: 'RCC_PLLCFGR_PLLN_Pos' undeclared (first use in this function)
                                  (RCC_OscInitStruct->PLL.PLLN << RCC_PLLCFGR_PLLN_Pos)             | \
                                                                  ^
../Inc/stm32f4xx.h:9129:41: note: in definition of macro 'WRITE_REG'
 #define WRITE_REG(REG, VAL)   ((REG) = (VAL))
                                         ^~~
..\Drivers\STM32F4xx_HAL_Driver\Src\stm32f4xx_hal_rcc.c:513:81: error: 'RCC_PLLCFGR_PLLP_Pos' undeclared (first use in this function)
                                  (((RCC_OscInitStruct->PLL.PLLP >> 1U) - 1U) << RCC_PLLCFGR_PLLP_Pos) | \
                                                                                 ^
../Inc/stm32f4xx.h:9129:41: note: in definition of macro 'WRITE_REG'
 #define WRITE_REG(REG, VAL)   ((REG) = (VAL))
                                         ^~~
..\Drivers\STM32F4xx_HAL_Driver\Src\stm32f4xx_hal_rcc.c:514:66: error: 'RCC_PLLCFGR_PLLQ_Pos' undeclared (first use in this function)
                                  (RCC_OscInitStruct->PLL.PLLQ << RCC_PLLCFGR_PLLQ_Pos)));
                                                                  ^
../Inc/stm32f4xx.h:9129:41: note: in definition of macro 'WRITE_REG'
 #define WRITE_REG(REG, VAL)   ((REG) = (VAL))
                                         ^~~
..\Drivers\STM32F4xx_HAL_Driver\Src\stm32f4xx_hal_rcc.c: In function 'HAL_RCC_ClockConfig':
..\Drivers\STM32F4xx_HAL_Driver\Src\stm32f4xx_hal_rcc.c:671:81: error: 'RCC_CFGR_SWS_Pos' undeclared (first use in this function)
     while (__HAL_RCC_GET_SYSCLK_SOURCE() != (RCC_ClkInitStruct->SYSCLKSource << RCC_CFGR_SWS_Pos))
                                                                                 ^~~~~~~~~~~~~~~~
..\Drivers\STM32F4xx_HAL_Driver\Src\stm32f4xx_hal_rcc.c:709:94: error: 'RCC_CFGR_HPRE_Pos' undeclared (first use in this function)
   SystemCoreClock = HAL_RCC_GetSysClockFreq() >> AHBPrescTable[(RCC->CFGR & RCC_CFGR_HPRE)>> RCC_CFGR_HPRE_Pos];
                                                                                              ^~~~~~~~~~~~~~~~~
..\Drivers\STM32F4xx_HAL_Driver\Src\stm32f4xx_hal_rcc.c: In function 'HAL_RCC_GetSysClockFreq':
..\Drivers\STM32F4xx_HAL_Driver\Src\stm32f4xx_hal_rcc.c:901:105: error: 'RCC_PLLCFGR_PLLN_Pos' undeclared (first use in this function)
         pllvco = (uint32_t) ((((uint64_t) HSE_VALUE * ((uint64_t) ((RCC->PLLCFGR & RCC_PLLCFGR_PLLN) >> RCC_PLLCFGR_PLLN_Pos)))) / (uint64_t)pllm);
                                                                                                         ^~~~~~~~~~~~~~~~~~~~
..\Drivers\STM32F4xx_HAL_Driver\Src\stm32f4xx_hal_rcc.c:908:54: error: 'RCC_PLLCFGR_PLLP_Pos' undeclared (first use in this function)
       pllp = ((((RCC->PLLCFGR & RCC_PLLCFGR_PLLP) >> RCC_PLLCFGR_PLLP_Pos) + 1U) *2U);
                                                      ^~~~~~~~~~~~~~~~~~~~
..\Drivers\STM32F4xx_HAL_Driver\Src\stm32f4xx_hal_rcc.c: In function 'HAL_RCC_GetPCLK1Freq':
..\Drivers\STM32F4xx_HAL_Driver\Src\stm32f4xx_hal_rcc.c:945:81: error: 'RCC_CFGR_PPRE1_Pos' undeclared (first use in this function)
   return (HAL_RCC_GetHCLKFreq() >> APBPrescTable[(RCC->CFGR & RCC_CFGR_PPRE1)>> RCC_CFGR_PPRE1_Pos]);
                                                                                 ^~~~~~~~~~~~~~~~~~
..\Drivers\STM32F4xx_HAL_Driver\Src\stm32f4xx_hal_rcc.c: In function 'HAL_RCC_GetPCLK2Freq':
..\Drivers\STM32F4xx_HAL_Driver\Src\stm32f4xx_hal_rcc.c:957:80: error: 'RCC_CFGR_PPRE2_Pos' undeclared (first use in this function)
   return (HAL_RCC_GetHCLKFreq()>> APBPrescTable[(RCC->CFGR & RCC_CFGR_PPRE2)>> RCC_CFGR_PPRE2_Pos]);
                                                                                ^~~~~~~~~~~~~~~~~~
..\Drivers\STM32F4xx_HAL_Driver\Src\stm32f4xx_hal_rcc.c: In function 'HAL_RCC_GetOscConfig':
..\Drivers\STM32F4xx_HAL_Driver\Src\stm32f4xx_hal_rcc.c:996:84: error: 'RCC_CR_HSITRIM_Pos' undeclared (first use in this function)
   RCC_OscInitStruct->HSICalibrationValue = (uint32_t)((RCC->CR &RCC_CR_HSITRIM) >> RCC_CR_HSITRIM_Pos);
                                                                                    ^~~~~~~~~~~~~~~~~~
..\Drivers\STM32F4xx_HAL_Driver\Src\stm32f4xx_hal_rcc.c:1033:81: error: 'RCC_PLLCFGR_PLLN_Pos' undeclared (first use in this function)
   RCC_OscInitStruct->PLL.PLLN = (uint32_t)((RCC->PLLCFGR & RCC_PLLCFGR_PLLN) >> RCC_PLLCFGR_PLLN_Pos);
                                                                                 ^~~~~~~~~~~~~~~~~~~~
..\Drivers\STM32F4xx_HAL_Driver\Src\stm32f4xx_hal_rcc.c:1034:112: error: 'RCC_PLLCFGR_PLLP_Pos' undeclared (first use in this function)
   RCC_OscInitStruct->PLL.PLLP = (uint32_t)((((RCC->PLLCFGR & RCC_PLLCFGR_PLLP) + RCC_PLLCFGR_PLLP_0) << 1U) >> RCC_PLLCFGR_PLLP_Pos);
                                                                                                                ^~~~~~~~~~~~~~~~~~~~
..\Drivers\STM32F4xx_HAL_Driver\Src\stm32f4xx_hal_rcc.c:1035:81: error: 'RCC_PLLCFGR_PLLQ_Pos' undeclared (first use in this function)
   RCC_OscInitStruct->PLL.PLLQ = (uint32_t)((RCC->PLLCFGR & RCC_PLLCFGR_PLLQ) >> RCC_PLLCFGR_PLLQ_Pos);
                                                                                 ^~~~~~~~~~~~~~~~~~~~
..\Drivers\STM32F4xx_HAL_Driver\Src\stm32f4xx_hal_rcc.c: In function 'HAL_RCC_GetPCLK1Freq':
..\Drivers\STM32F4xx_HAL_Driver\Src\stm32f4xx_hal_rcc.c:946:1: warning: control reaches end of non-void function [-Wreturn-type]
 }
 ^
..\Drivers\STM32F4xx_HAL_Driver\Src\stm32f4xx_hal_rcc.c: In function 'HAL_RCC_GetPCLK2Freq':
..\Drivers\STM32F4xx_HAL_Driver\Src\stm32f4xx_hal_rcc.c:958:1: warning: control reaches end of non-void function [-Wreturn-type]
 }
 ^
22:02:43 **** Rebuild of configuration Debug for project rot_enc ****
Info: Internal Builder is used for build
arm-atollic-eabi-gcc -c -mthumb -mcpu=cortex-m4 -mfloat-abi=hard -mfpu=fpv4-sp-d16 -std=gnu11 -D__weak=__attribute__((weak)) -D__packed=__attribute__((__packed__)) -DUSE_HAL_DRIVER -DSTM32F446xx -I../Inc -I../Drivers/STM32F4xx_HAL_Driver/Inc -I../Drivers/STM32F4xx_HAL_Driver/Inc/Legacy -I../Drivers/CMSIS/Device/ST/STM32F4xx/Include -I../Drivers/CMSIS/Include -Os -ffunction-sections -fdata-sections -g -fstack-usage -Wall -specs=nano.specs -o Drivers\STM32F4xx_HAL_Driver\Src\stm32f4xx_hal_rcc_ex.o ..\Drivers\STM32F4xx_HAL_Driver\Src\stm32f4xx_hal_rcc_ex.c 
In file included from ../Drivers/STM32F4xx_HAL_Driver/Inc/stm32f4xx_hal_def.h:46:0,
                 from ../Drivers/STM32F4xx_HAL_Driver/Inc/stm32f4xx_hal_rcc.h:45,
                 from ../Inc/stm32f4xx_hal_conf.h:245,
                 from ../Drivers/STM32F4xx_HAL_Driver/Inc/stm32f4xx_hal.h:46,
                 from ..\Drivers\STM32F4xx_HAL_Driver\Src\stm32f4xx_hal_rcc_ex.c:41:
..\Drivers\STM32F4xx_HAL_Driver\Src\stm32f4xx_hal_rcc_ex.c: In function 'HAL_RCCEx_PeriphCLKConfig':
../Drivers/STM32F4xx_HAL_Driver/Inc/stm32f4xx_hal_rcc_ex.h:6204:73: error: 'RCC_DCKCFGR_I2S1SRC' undeclared (first use in this function)
 #define __HAL_RCC_I2S_APB1_CONFIG(__SOURCE__) (MODIFY_REG(RCC->DCKCFGR, RCC_DCKCFGR_I2S1SRC, (__SOURCE__)))
                                                                         ^
../Inc/stm32f4xx.h:9129:41: note: in definition of macro 'WRITE_REG'
 #define WRITE_REG(REG, VAL)   ((REG) = (VAL))
                                         ^~~
../Drivers/STM32F4xx_HAL_Driver/Inc/stm32f4xx_hal_rcc_ex.h:6204:48: note: in expansion of macro 'MODIFY_REG'
 #define __HAL_RCC_I2S_APB1_CONFIG(__SOURCE__) (MODIFY_REG(RCC->DCKCFGR, RCC_DCKCFGR_I2S1SRC, (__SOURCE__)))
                                                ^~~~~~~~~~
..\Drivers\STM32F4xx_HAL_Driver\Src\stm32f4xx_hal_rcc_ex.c:127:5: note: in expansion of macro '__HAL_RCC_I2S_APB1_CONFIG'
     __HAL_RCC_I2S_APB1_CONFIG(PeriphClkInit->I2sApb1ClockSelection);
     ^~~~~~~~~~~~~~~~~~~~~~~~~
../Drivers/STM32F4xx_HAL_Driver/Inc/stm32f4xx_hal_rcc_ex.h:6204:73: note: each undeclared identifier is reported only once for each function it appears in
 #define __HAL_RCC_I2S_APB1_CONFIG(__SOURCE__) (MODIFY_REG(RCC->DCKCFGR, RCC_DCKCFGR_I2S1SRC, (__SOURCE__)))
                                                                         ^
../Inc/stm32f4xx.h:9129:41: note: in definition of macro 'WRITE_REG'
 #define WRITE_REG(REG, VAL)   ((REG) = (VAL))
                                         ^~~
../Drivers/STM32F4xx_HAL_Driver/Inc/stm32f4xx_hal_rcc_ex.h:6204:48: note: in expansion of macro 'MODIFY_REG'
 #define __HAL_RCC_I2S_APB1_CONFIG(__SOURCE__) (MODIFY_REG(RCC->DCKCFGR, RCC_DCKCFGR_I2S1SRC, (__SOURCE__)))
                                                ^~~~~~~~~~
..\Drivers\STM32F4xx_HAL_Driver\Src\stm32f4xx_hal_rcc_ex.c:127:5: note: in expansion of macro '__HAL_RCC_I2S_APB1_CONFIG'
     __HAL_RCC_I2S_APB1_CONFIG(PeriphClkInit->I2sApb1ClockSelection);
     ^~~~~~~~~~~~~~~~~~~~~~~~~
../Drivers/STM32F4xx_HAL_Driver/Inc/stm32f4xx_hal_rcc_ex.h:6224:73: error: 'RCC_DCKCFGR_I2S2SRC' undeclared (first use in this function)
 #define __HAL_RCC_I2S_APB2_CONFIG(__SOURCE__) (MODIFY_REG(RCC->DCKCFGR, RCC_DCKCFGR_I2S2SRC, (__SOURCE__)))
                                                                         ^
../Inc/stm32f4xx.h:9129:41: note: in definition of macro 'WRITE_REG'
 #define WRITE_REG(REG, VAL)   ((REG) = (VAL))
                                         ^~~
../Drivers/STM32F4xx_HAL_Driver/Inc/stm32f4xx_hal_rcc_ex.h:6224:48: note: in expansion of macro 'MODIFY_REG'
 #define __HAL_RCC_I2S_APB2_CONFIG(__SOURCE__) (MODIFY_REG(RCC->DCKCFGR, RCC_DCKCFGR_I2S2SRC, (__SOURCE__)))
                                                ^~~~~~~~~~
..\Drivers\STM32F4xx_HAL_Driver\Src\stm32f4xx_hal_rcc_ex.c:143:5: note: in expansion of macro '__HAL_RCC_I2S_APB2_CONFIG'
     __HAL_RCC_I2S_APB2_CONFIG(PeriphClkInit->I2sApb2ClockSelection);
     ^~~~~~~~~~~~~~~~~~~~~~~~~
../Drivers/STM32F4xx_HAL_Driver/Inc/stm32f4xx_hal_rcc_ex.h:6160:69: error: 'RCC_DCKCFGR_SAI1SRC' undeclared (first use in this function)
 #define __HAL_RCC_SAI1_CONFIG(__SOURCE__) (MODIFY_REG(RCC->DCKCFGR, RCC_DCKCFGR_SAI1SRC, (__SOURCE__)))
                                                                     ^
../Inc/stm32f4xx.h:9129:41: note: in definition of macro 'WRITE_REG'
 #define WRITE_REG(REG, VAL)   ((REG) = (VAL))
                                         ^~~
../Drivers/STM32F4xx_HAL_Driver/Inc/stm32f4xx_hal_rcc_ex.h:6160:44: note: in expansion of macro 'MODIFY_REG'
 #define __HAL_RCC_SAI1_CONFIG(__SOURCE__) (MODIFY_REG(RCC->DCKCFGR, RCC_DCKCFGR_SAI1SRC, (__SOURCE__)))
                                            ^~~~~~~~~~
..\Drivers\STM32F4xx_HAL_Driver\Src\stm32f4xx_hal_rcc_ex.c:159:5: note: in expansion of macro '__HAL_RCC_SAI1_CONFIG'
     __HAL_RCC_SAI1_CONFIG(PeriphClkInit->Sai1ClockSelection);
     ^~~~~~~~~~~~~~~~~~~~~
In file included from ../Drivers/STM32F4xx_HAL_Driver/Inc/stm32f4xx_hal_rcc.h:49:0,
                 from ../Inc/stm32f4xx_hal_conf.h:245,
                 from ../Drivers/STM32F4xx_HAL_Driver/Inc/stm32f4xx_hal.h:46,
                 from ..\Drivers\STM32F4xx_HAL_Driver\Src\stm32f4xx_hal_rcc_ex.c:41:
../Drivers/STM32F4xx_HAL_Driver/Inc/stm32f4xx_hal_rcc_ex.h:651:57: error: 'RCC_DCKCFGR_SAI1SRC_0' undeclared (first use in this function)
 #define RCC_SAI1CLKSOURCE_PLLI2S             ((uint32_t)RCC_DCKCFGR_SAI1SRC_0)
                                                         ^
..\Drivers\STM32F4xx_HAL_Driver\Src\stm32f4xx_hal_rcc_ex.c:161:45: note: in expansion of macro 'RCC_SAI1CLKSOURCE_PLLI2S'
     if(PeriphClkInit->Sai1ClockSelection == RCC_SAI1CLKSOURCE_PLLI2S)
                                             ^~~~~~~~~~~~~~~~~~~~~~~~
In file included from ../Drivers/STM32F4xx_HAL_Driver/Inc/stm32f4xx_hal_def.h:46:0,
                 from ../Drivers/STM32F4xx_HAL_Driver/Inc/stm32f4xx_hal_rcc.h:45,
                 from ../Inc/stm32f4xx_hal_conf.h:245,
                 from ../Drivers/STM32F4xx_HAL_Driver/Inc/stm32f4xx_hal.h:46,
                 from ..\Drivers\STM32F4xx_HAL_Driver\Src\stm32f4xx_hal_rcc_ex.c:41:
../Drivers/STM32F4xx_HAL_Driver/Inc/stm32f4xx_hal_rcc_ex.h:6183:69: error: 'RCC_DCKCFGR_SAI2SRC' undeclared (first use in this function)
 #define __HAL_RCC_SAI2_CONFIG(__SOURCE__) (MODIFY_REG(RCC->DCKCFGR, RCC_DCKCFGR_SAI2SRC, (__SOURCE__)))
                                                                     ^
../Inc/stm32f4xx.h:9129:41: note: in definition of macro 'WRITE_REG'
 #define WRITE_REG(REG, VAL)   ((REG) = (VAL))
                                         ^~~
../Drivers/STM32F4xx_HAL_Driver/Inc/stm32f4xx_hal_rcc_ex.h:6183:44: note: in expansion of macro 'MODIFY_REG'
 #define __HAL_RCC_SAI2_CONFIG(__SOURCE__) (MODIFY_REG(RCC->DCKCFGR, RCC_DCKCFGR_SAI2SRC, (__SOURCE__)))
                                            ^~~~~~~~~~
..\Drivers\STM32F4xx_HAL_Driver\Src\stm32f4xx_hal_rcc_ex.c:180:5: note: in expansion of macro '__HAL_RCC_SAI2_CONFIG'
     __HAL_RCC_SAI2_CONFIG(PeriphClkInit->Sai2ClockSelection);
     ^~~~~~~~~~~~~~~~~~~~~
In file included from ../Drivers/STM32F4xx_HAL_Driver/Inc/stm32f4xx_hal_rcc.h:49:0,
                 from ../Inc/stm32f4xx_hal_conf.h:245,
                 from ../Drivers/STM32F4xx_HAL_Driver/Inc/stm32f4xx_hal.h:46,
                 from ..\Drivers\STM32F4xx_HAL_Driver\Src\stm32f4xx_hal_rcc_ex.c:41:
../Drivers/STM32F4xx_HAL_Driver/Inc/stm32f4xx_hal_rcc_ex.h:662:57: error: 'RCC_DCKCFGR_SAI2SRC_0' undeclared (first use in this function)
 #define RCC_SAI2CLKSOURCE_PLLI2S             ((uint32_t)RCC_DCKCFGR_SAI2SRC_0)
                                                         ^
..\Drivers\STM32F4xx_HAL_Driver\Src\stm32f4xx_hal_rcc_ex.c:183:45: note: in expansion of macro 'RCC_SAI2CLKSOURCE_PLLI2S'
     if(PeriphClkInit->Sai2ClockSelection == RCC_SAI2CLKSOURCE_PLLI2S)
                                             ^~~~~~~~~~~~~~~~~~~~~~~~
In file included from ../Drivers/STM32F4xx_HAL_Driver/Inc/stm32f4xx_hal_def.h:46:0,
                 from ../Drivers/STM32F4xx_HAL_Driver/Inc/stm32f4xx_hal_rcc.h:45,
                 from ../Inc/stm32f4xx_hal_conf.h:245,
                 from ../Drivers/STM32F4xx_HAL_Driver/Inc/stm32f4xx_hal.h:46,
                 from ..\Drivers\STM32F4xx_HAL_Driver\Src\stm32f4xx_hal_rcc_ex.c:41:
../Drivers/STM32F4xx_HAL_Driver/Inc/stm32f4xx_hal_rcc_ex.h:6257:61: error: 'RCC_TypeDef {aka struct <anonymous>}' has no member named 'DCKCFGR2'; did you mean 'DCKCFGR'?
 #define __HAL_RCC_FMPI2C1_CONFIG(__SOURCE__) (MODIFY_REG(RCC->DCKCFGR2, RCC_DCKCFGR2_FMPI2C1SEL, (uint32_t)(__SOURCE__)))
                                                             ^
../Inc/stm32f4xx.h:9129:33: note: in definition of macro 'WRITE_REG'
 #define WRITE_REG(REG, VAL)   ((REG) = (VAL))
                                 ^~~
../Drivers/STM32F4xx_HAL_Driver/Inc/stm32f4xx_hal_rcc_ex.h:6257:47: note: in expansion of macro 'MODIFY_REG'
 #define __HAL_RCC_FMPI2C1_CONFIG(__SOURCE__) (MODIFY_REG(RCC->DCKCFGR2, RCC_DCKCFGR2_FMPI2C1SEL, (uint32_t)(__SOURCE__)))
                                               ^~~~~~~~~~
..\Drivers\STM32F4xx_HAL_Driver\Src\stm32f4xx_hal_rcc_ex.c:264:5: note: in expansion of macro '__HAL_RCC_FMPI2C1_CONFIG'
     __HAL_RCC_FMPI2C1_CONFIG(PeriphClkInit->Fmpi2c1ClockSelection);
     ^~~~~~~~~~~~~~~~~~~~~~~~
../Drivers/STM32F4xx_HAL_Driver/Inc/stm32f4xx_hal_rcc_ex.h:6257:61: error: 'RCC_TypeDef {aka struct <anonymous>}' has no member named 'DCKCFGR2'; did you mean 'DCKCFGR'?
 #define __HAL_RCC_FMPI2C1_CONFIG(__SOURCE__) (MODIFY_REG(RCC->DCKCFGR2, RCC_DCKCFGR2_FMPI2C1SEL, (uint32_t)(__SOURCE__)))
                                                             ^
../Inc/stm32f4xx.h:9129:41: note: in definition of macro 'WRITE_REG'
 #define WRITE_REG(REG, VAL)   ((REG) = (VAL))
                                         ^~~
../Inc/stm32f4xx.h:9133:66: note: in expansion of macro 'READ_REG'
 #define MODIFY_REG(REG, CLEARMASK, SETMASK)  WRITE_REG((REG), (((READ_REG(REG)) & (~(CLEARMASK))) | (SETMASK)))
                                                                  ^~~~~~~~
../Drivers/STM32F4xx_HAL_Driver/Inc/stm32f4xx_hal_rcc_ex.h:6257:47: note: in expansion of macro 'MODIFY_REG'
 #define __HAL_RCC_FMPI2C1_CONFIG(__SOURCE__) (MODIFY_REG(RCC->DCKCFGR2, RCC_DCKCFGR2_FMPI2C1SEL, (uint32_t)(__SOURCE__)))
                                               ^~~~~~~~~~
..\Drivers\STM32F4xx_HAL_Driver\Src\stm32f4xx_hal_rcc_ex.c:264:5: note: in expansion of macro '__HAL_RCC_FMPI2C1_CONFIG'
     __HAL_RCC_FMPI2C1_CONFIG(PeriphClkInit->Fmpi2c1ClockSelection);
     ^~~~~~~~~~~~~~~~~~~~~~~~
../Drivers/STM32F4xx_HAL_Driver/Inc/stm32f4xx_hal_rcc_ex.h:6257:73: error: 'RCC_DCKCFGR2_FMPI2C1SEL' undeclared (first use in this function)
 #define __HAL_RCC_FMPI2C1_CONFIG(__SOURCE__) (MODIFY_REG(RCC->DCKCFGR2, RCC_DCKCFGR2_FMPI2C1SEL, (uint32_t)(__SOURCE__)))
                                                                         ^
../Inc/stm32f4xx.h:9129:41: note: in definition of macro 'WRITE_REG'
 #define WRITE_REG(REG, VAL)   ((REG) = (VAL))
                                         ^~~
../Drivers/STM32F4xx_HAL_Driver/Inc/stm32f4xx_hal_rcc_ex.h:6257:47: note: in expansion of macro 'MODIFY_REG'
 #define __HAL_RCC_FMPI2C1_CONFIG(__SOURCE__) (MODIFY_REG(RCC->DCKCFGR2, RCC_DCKCFGR2_FMPI2C1SEL, (uint32_t)(__SOURCE__)))
                                               ^~~~~~~~~~
..\Drivers\STM32F4xx_HAL_Driver\Src\stm32f4xx_hal_rcc_ex.c:264:5: note: in expansion of macro '__HAL_RCC_FMPI2C1_CONFIG'
     __HAL_RCC_FMPI2C1_CONFIG(PeriphClkInit->Fmpi2c1ClockSelection);
     ^~~~~~~~~~~~~~~~~~~~~~~~
../Drivers/STM32F4xx_HAL_Driver/Inc/stm32f4xx_hal_rcc_ex.h:6241:57: error: 'RCC_TypeDef {aka struct <anonymous>}' has no member named 'DCKCFGR2'; did you mean 'DCKCFGR'?
 #define __HAL_RCC_CEC_CONFIG(__SOURCE__) (MODIFY_REG(RCC->DCKCFGR2, RCC_DCKCFGR2_CECSEL, (uint32_t)(__SOURCE__)))
                                                         ^
../Inc/stm32f4xx.h:9129:33: note: in definition of macro 'WRITE_REG'
 #define WRITE_REG(REG, VAL)   ((REG) = (VAL))
                                 ^~~
../Drivers/STM32F4xx_HAL_Driver/Inc/stm32f4xx_hal_rcc_ex.h:6241:43: note: in expansion of macro 'MODIFY_REG'
 #define __HAL_RCC_CEC_CONFIG(__SOURCE__) (MODIFY_REG(RCC->DCKCFGR2, RCC_DCKCFGR2_CECSEL, (uint32_t)(__SOURCE__)))
                                           ^~~~~~~~~~
..\Drivers\STM32F4xx_HAL_Driver\Src\stm32f4xx_hal_rcc_ex.c:275:5: note: in expansion of macro '__HAL_RCC_CEC_CONFIG'
     __HAL_RCC_CEC_CONFIG(PeriphClkInit->CecClockSelection);
     ^~~~~~~~~~~~~~~~~~~~
../Drivers/STM32F4xx_HAL_Driver/Inc/stm32f4xx_hal_rcc_ex.h:6241:57: error: 'RCC_TypeDef {aka struct <anonymous>}' has no member named 'DCKCFGR2'; did you mean 'DCKCFGR'?
 #define __HAL_RCC_CEC_CONFIG(__SOURCE__) (MODIFY_REG(RCC->DCKCFGR2, RCC_DCKCFGR2_CECSEL, (uint32_t)(__SOURCE__)))
                                                         ^
../Inc/stm32f4xx.h:9129:41: note: in definition of macro 'WRITE_REG'
 #define WRITE_REG(REG, VAL)   ((REG) = (VAL))
                                         ^~~
../Inc/stm32f4xx.h:9133:66: note: in expansion of macro 'READ_REG'
 #define MODIFY_REG(REG, CLEARMASK, SETMASK)  WRITE_REG((REG), (((READ_REG(REG)) & (~(CLEARMASK))) | (SETMASK)))
                                                                  ^~~~~~~~
../Drivers/STM32F4xx_HAL_Driver/Inc/stm32f4xx_hal_rcc_ex.h:6241:43: note: in expansion of macro 'MODIFY_REG'
 #define __HAL_RCC_CEC_CONFIG(__SOURCE__) (MODIFY_REG(RCC->DCKCFGR2, RCC_DCKCFGR2_CECSEL, (uint32_t)(__SOURCE__)))
                                           ^~~~~~~~~~
..\Drivers\STM32F4xx_HAL_Driver\Src\stm32f4xx_hal_rcc_ex.c:275:5: note: in expansion of macro '__HAL_RCC_CEC_CONFIG'
     __HAL_RCC_CEC_CONFIG(PeriphClkInit->CecClockSelection);
     ^~~~~~~~~~~~~~~~~~~~
../Drivers/STM32F4xx_HAL_Driver/Inc/stm32f4xx_hal_rcc_ex.h:6241:69: error: 'RCC_DCKCFGR2_CECSEL' undeclared (first use in this function)
 #define __HAL_RCC_CEC_CONFIG(__SOURCE__) (MODIFY_REG(RCC->DCKCFGR2, RCC_DCKCFGR2_CECSEL, (uint32_t)(__SOURCE__)))
                                                                     ^
../Inc/stm32f4xx.h:9129:41: note: in definition of macro 'WRITE_REG'
 #define WRITE_REG(REG, VAL)   ((REG) = (VAL))
                                         ^~~
../Drivers/STM32F4xx_HAL_Driver/Inc/stm32f4xx_hal_rcc_ex.h:6241:43: note: in expansion of macro 'MODIFY_REG'
 #define __HAL_RCC_CEC_CONFIG(__SOURCE__) (MODIFY_REG(RCC->DCKCFGR2, RCC_DCKCFGR2_CECSEL, (uint32_t)(__SOURCE__)))
                                           ^~~~~~~~~~
..\Drivers\STM32F4xx_HAL_Driver\Src\stm32f4xx_hal_rcc_ex.c:275:5: note: in expansion of macro '__HAL_RCC_CEC_CONFIG'
     __HAL_RCC_CEC_CONFIG(PeriphClkInit->CecClockSelection);
     ^~~~~~~~~~~~~~~~~~~~
../Drivers/STM32F4xx_HAL_Driver/Inc/stm32f4xx_hal_rcc_ex.h:6273:59: error: 'RCC_TypeDef {aka struct <anonymous>}' has no member named 'DCKCFGR2'; did you mean 'DCKCFGR'?
 #define __HAL_RCC_CLK48_CONFIG(__SOURCE__) (MODIFY_REG(RCC->DCKCFGR2, RCC_DCKCFGR2_CK48MSEL, (uint32_t)(__SOURCE__)))
                                                           ^
../Inc/stm32f4xx.h:9129:33: note: in definition of macro 'WRITE_REG'
 #define WRITE_REG(REG, VAL)   ((REG) = (VAL))
                                 ^~~
../Drivers/STM32F4xx_HAL_Driver/Inc/stm32f4xx_hal_rcc_ex.h:6273:45: note: in expansion of macro 'MODIFY_REG'
 #define __HAL_RCC_CLK48_CONFIG(__SOURCE__) (MODIFY_REG(RCC->DCKCFGR2, RCC_DCKCFGR2_CK48MSEL, (uint32_t)(__SOURCE__)))
                                             ^~~~~~~~~~
..\Drivers\STM32F4xx_HAL_Driver\Src\stm32f4xx_hal_rcc_ex.c:286:5: note: in expansion of macro '__HAL_RCC_CLK48_CONFIG'
     __HAL_RCC_CLK48_CONFIG(PeriphClkInit->Clk48ClockSelection);
     ^~~~~~~~~~~~~~~~~~~~~~
../Drivers/STM32F4xx_HAL_Driver/Inc/stm32f4xx_hal_rcc_ex.h:6273:59: error: 'RCC_TypeDef {aka struct <anonymous>}' has no member named 'DCKCFGR2'; did you mean 'DCKCFGR'?
 #define __HAL_RCC_CLK48_CONFIG(__SOURCE__) (MODIFY_REG(RCC->DCKCFGR2, RCC_DCKCFGR2_CK48MSEL, (uint32_t)(__SOURCE__)))
                                                           ^
../Inc/stm32f4xx.h:9129:41: note: in definition of macro 'WRITE_REG'
 #define WRITE_REG(REG, VAL)   ((REG) = (VAL))
                                         ^~~
../Inc/stm32f4xx.h:9133:66: note: in expansion of macro 'READ_REG'
 #define MODIFY_REG(REG, CLEARMASK, SETMASK)  WRITE_REG((REG), (((READ_REG(REG)) & (~(CLEARMASK))) | (SETMASK)))
                                                                  ^~~~~~~~
../Drivers/STM32F4xx_HAL_Driver/Inc/stm32f4xx_hal_rcc_ex.h:6273:45: note: in expansion of macro 'MODIFY_REG'
 #define __HAL_RCC_CLK48_CONFIG(__SOURCE__) (MODIFY_REG(RCC->DCKCFGR2, RCC_DCKCFGR2_CK48MSEL, (uint32_t)(__SOURCE__)))
                                             ^~~~~~~~~~
..\Drivers\STM32F4xx_HAL_Driver\Src\stm32f4xx_hal_rcc_ex.c:286:5: note: in expansion of macro '__HAL_RCC_CLK48_CONFIG'
     __HAL_RCC_CLK48_CONFIG(PeriphClkInit->Clk48ClockSelection);
     ^~~~~~~~~~~~~~~~~~~~~~
../Drivers/STM32F4xx_HAL_Driver/Inc/stm32f4xx_hal_rcc_ex.h:6273:71: error: 'RCC_DCKCFGR2_CK48MSEL' undeclared (first use in this function)
 #define __HAL_RCC_CLK48_CONFIG(__SOURCE__) (MODIFY_REG(RCC->DCKCFGR2, RCC_DCKCFGR2_CK48MSEL, (uint32_t)(__SOURCE__)))
                                                                       ^
../Inc/stm32f4xx.h:9129:41: note: in definition of macro 'WRITE_REG'
 #define WRITE_REG(REG, VAL)   ((REG) = (VAL))
                                         ^~~
../Drivers/STM32F4xx_HAL_Driver/Inc/stm32f4xx_hal_rcc_ex.h:6273:45: note: in expansion of macro 'MODIFY_REG'
 #define __HAL_RCC_CLK48_CONFIG(__SOURCE__) (MODIFY_REG(RCC->DCKCFGR2, RCC_DCKCFGR2_CK48MSEL, (uint32_t)(__SOURCE__)))
                                             ^~~~~~~~~~
..\Drivers\STM32F4xx_HAL_Driver\Src\stm32f4xx_hal_rcc_ex.c:286:5: note: in expansion of macro '__HAL_RCC_CLK48_CONFIG'
     __HAL_RCC_CLK48_CONFIG(PeriphClkInit->Clk48ClockSelection);
     ^~~~~~~~~~~~~~~~~~~~~~
../Drivers/STM32F4xx_HAL_Driver/Inc/stm32f4xx_hal_rcc_ex.h:6288:58: error: 'RCC_TypeDef {aka struct <anonymous>}' has no member named 'DCKCFGR2'; did you mean 'DCKCFGR'?
 #define __HAL_RCC_SDIO_CONFIG(__SOURCE__) (MODIFY_REG(RCC->DCKCFGR2, RCC_DCKCFGR2_SDIOSEL, (uint32_t)(__SOURCE__)))
                                                          ^
../Inc/stm32f4xx.h:9129:33: note: in definition of macro 'WRITE_REG'
 #define WRITE_REG(REG, VAL)   ((REG) = (VAL))
                                 ^~~
../Drivers/STM32F4xx_HAL_Driver/Inc/stm32f4xx_hal_rcc_ex.h:6288:44: note: in expansion of macro 'MODIFY_REG'
 #define __HAL_RCC_SDIO_CONFIG(__SOURCE__) (MODIFY_REG(RCC->DCKCFGR2, RCC_DCKCFGR2_SDIOSEL, (uint32_t)(__SOURCE__)))
                                            ^~~~~~~~~~
..\Drivers\STM32F4xx_HAL_Driver\Src\stm32f4xx_hal_rcc_ex.c:303:5: note: in expansion of macro '__HAL_RCC_SDIO_CONFIG'
     __HAL_RCC_SDIO_CONFIG(PeriphClkInit->SdioClockSelection);
     ^~~~~~~~~~~~~~~~~~~~~
../Drivers/STM32F4xx_HAL_Driver/Inc/stm32f4xx_hal_rcc_ex.h:6288:58: error: 'RCC_TypeDef {aka struct <anonymous>}' has no member named 'DCKCFGR2'; did you mean 'DCKCFGR'?
 #define __HAL_RCC_SDIO_CONFIG(__SOURCE__) (MODIFY_REG(RCC->DCKCFGR2, RCC_DCKCFGR2_SDIOSEL, (uint32_t)(__SOURCE__)))
                                                          ^
../Inc/stm32f4xx.h:9129:41: note: in definition of macro 'WRITE_REG'
 #define WRITE_REG(REG, VAL)   ((REG) = (VAL))
                                         ^~~
../Inc/stm32f4xx.h:9133:66: note: in expansion of macro 'READ_REG'
 #define MODIFY_REG(REG, CLEARMASK, SETMASK)  WRITE_REG((REG), (((READ_REG(REG)) & (~(CLEARMASK))) | (SETMASK)))
                                                                  ^~~~~~~~
../Drivers/STM32F4xx_HAL_Driver/Inc/stm32f4xx_hal_rcc_ex.h:6288:44: note: in expansion of macro 'MODIFY_REG'
 #define __HAL_RCC_SDIO_CONFIG(__SOURCE__) (MODIFY_REG(RCC->DCKCFGR2, RCC_DCKCFGR2_SDIOSEL, (uint32_t)(__SOURCE__)))
                                            ^~~~~~~~~~
..\Drivers\STM32F4xx_HAL_Driver\Src\stm32f4xx_hal_rcc_ex.c:303:5: note: in expansion of macro '__HAL_RCC_SDIO_CONFIG'
     __HAL_RCC_SDIO_CONFIG(PeriphClkInit->SdioClockSelection);
     ^~~~~~~~~~~~~~~~~~~~~
../Drivers/STM32F4xx_HAL_Driver/Inc/stm32f4xx_hal_rcc_ex.h:6288:70: error: 'RCC_DCKCFGR2_SDIOSEL' undeclared (first use in this function)
 #define __HAL_RCC_SDIO_CONFIG(__SOURCE__) (MODIFY_REG(RCC->DCKCFGR2, RCC_DCKCFGR2_SDIOSEL, (uint32_t)(__SOURCE__)))
                                                                      ^
../Inc/stm32f4xx.h:9129:41: note: in definition of macro 'WRITE_REG'
 #define WRITE_REG(REG, VAL)   ((REG) = (VAL))
                                         ^~~
../Drivers/STM32F4xx_HAL_Driver/Inc/stm32f4xx_hal_rcc_ex.h:6288:44: note: in expansion of macro 'MODIFY_REG'
 #define __HAL_RCC_SDIO_CONFIG(__SOURCE__) (MODIFY_REG(RCC->DCKCFGR2, RCC_DCKCFGR2_SDIOSEL, (uint32_t)(__SOURCE__)))
                                            ^~~~~~~~~~
..\Drivers\STM32F4xx_HAL_Driver\Src\stm32f4xx_hal_rcc_ex.c:303:5: note: in expansion of macro '__HAL_RCC_SDIO_CONFIG'
     __HAL_RCC_SDIO_CONFIG(PeriphClkInit->SdioClockSelection);
     ^~~~~~~~~~~~~~~~~~~~~
../Drivers/STM32F4xx_HAL_Driver/Inc/stm32f4xx_hal_rcc_ex.h:6303:61: error: 'RCC_TypeDef {aka struct <anonymous>}' has no member named 'DCKCFGR2'; did you mean 'DCKCFGR'?
 #define __HAL_RCC_SPDIFRX_CONFIG(__SOURCE__) (MODIFY_REG(RCC->DCKCFGR2, RCC_DCKCFGR2_SPDIFRXSEL, (uint32_t)(__SOURCE__)))
                                                             ^
../Inc/stm32f4xx.h:9129:33: note: in definition of macro 'WRITE_REG'
 #define WRITE_REG(REG, VAL)   ((REG) = (VAL))
                                 ^~~
../Drivers/STM32F4xx_HAL_Driver/Inc/stm32f4xx_hal_rcc_ex.h:6303:47: note: in expansion of macro 'MODIFY_REG'
 #define __HAL_RCC_SPDIFRX_CONFIG(__SOURCE__) (MODIFY_REG(RCC->DCKCFGR2, RCC_DCKCFGR2_SPDIFRXSEL, (uint32_t)(__SOURCE__)))
                                               ^~~~~~~~~~
..\Drivers\STM32F4xx_HAL_Driver\Src\stm32f4xx_hal_rcc_ex.c:314:5: note: in expansion of macro '__HAL_RCC_SPDIFRX_CONFIG'
     __HAL_RCC_SPDIFRX_CONFIG(PeriphClkInit->SpdifClockSelection);
     ^~~~~~~~~~~~~~~~~~~~~~~~
../Drivers/STM32F4xx_HAL_Driver/Inc/stm32f4xx_hal_rcc_ex.h:6303:61: error: 'RCC_TypeDef {aka struct <anonymous>}' has no member named 'DCKCFGR2'; did you mean 'DCKCFGR'?
 #define __HAL_RCC_SPDIFRX_CONFIG(__SOURCE__) (MODIFY_REG(RCC->DCKCFGR2, RCC_DCKCFGR2_SPDIFRXSEL, (uint32_t)(__SOURCE__)))
                                                             ^
../Inc/stm32f4xx.h:9129:41: note: in definition of macro 'WRITE_REG'
 #define WRITE_REG(REG, VAL)   ((REG) = (VAL))
                                         ^~~
../Inc/stm32f4xx.h:9133:66: note: in expansion of macro 'READ_REG'
 #define MODIFY_REG(REG, CLEARMASK, SETMASK)  WRITE_REG((REG), (((READ_REG(REG)) & (~(CLEARMASK))) | (SETMASK)))
                                                                  ^~~~~~~~
../Drivers/STM32F4xx_HAL_Driver/Inc/stm32f4xx_hal_rcc_ex.h:6303:47: note: in expansion of macro 'MODIFY_REG'
 #define __HAL_RCC_SPDIFRX_CONFIG(__SOURCE__) (MODIFY_REG(RCC->DCKCFGR2, RCC_DCKCFGR2_SPDIFRXSEL, (uint32_t)(__SOURCE__)))
                                               ^~~~~~~~~~
..\Drivers\STM32F4xx_HAL_Driver\Src\stm32f4xx_hal_rcc_ex.c:314:5: note: in expansion of macro '__HAL_RCC_SPDIFRX_CONFIG'
     __HAL_RCC_SPDIFRX_CONFIG(PeriphClkInit->SpdifClockSelection);
     ^~~~~~~~~~~~~~~~~~~~~~~~
../Drivers/STM32F4xx_HAL_Driver/Inc/stm32f4xx_hal_rcc_ex.h:6303:73: error: 'RCC_DCKCFGR2_SPDIFRXSEL' undeclared (first use in this function)
 #define __HAL_RCC_SPDIFRX_CONFIG(__SOURCE__) (MODIFY_REG(RCC->DCKCFGR2, RCC_DCKCFGR2_SPDIFRXSEL, (uint32_t)(__SOURCE__)))
                                                                         ^
../Inc/stm32f4xx.h:9129:41: note: in definition of macro 'WRITE_REG'
 #define WRITE_REG(REG, VAL)   ((REG) = (VAL))
                                         ^~~
../Drivers/STM32F4xx_HAL_Driver/Inc/stm32f4xx_hal_rcc_ex.h:6303:47: note: in expansion of macro 'MODIFY_REG'
 #define __HAL_RCC_SPDIFRX_CONFIG(__SOURCE__) (MODIFY_REG(RCC->DCKCFGR2, RCC_DCKCFGR2_SPDIFRXSEL, (uint32_t)(__SOURCE__)))
                                               ^~~~~~~~~~
..\Drivers\STM32F4xx_HAL_Driver\Src\stm32f4xx_hal_rcc_ex.c:314:5: note: in expansion of macro '__HAL_RCC_SPDIFRX_CONFIG'
     __HAL_RCC_SPDIFRX_CONFIG(PeriphClkInit->SpdifClockSelection);
     ^~~~~~~~~~~~~~~~~~~~~~~~
..\Drivers\STM32F4xx_HAL_Driver\Src\stm32f4xx_hal_rcc_ex.c:354:39: error: 'RCC_PLLI2SCFGR_PLLI2SP' undeclared (first use in this function)
       plli2sp = ((((RCC->PLLI2SCFGR & RCC_PLLI2SCFGR_PLLI2SP) >> RCC_PLLI2SCFGR_PLLI2SP_Pos) + 1U) << 1U);
                                       ^~~~~~~~~~~~~~~~~~~~~~
..\Drivers\STM32F4xx_HAL_Driver\Src\stm32f4xx_hal_rcc_ex.c:354:66: error: 'RCC_PLLI2SCFGR_PLLI2SP_Pos' undeclared (first use in this function)
       plli2sp = ((((RCC->PLLI2SCFGR & RCC_PLLI2SCFGR_PLLI2SP) >> RCC_PLLI2SCFGR_PLLI2SP_Pos) + 1U) << 1U);
                                                                  ^~~~~~~~~~~~~~~~~~~~~~~~~~
..\Drivers\STM32F4xx_HAL_Driver\Src\stm32f4xx_hal_rcc_ex.c:355:64: error: 'RCC_PLLI2SCFGR_PLLI2SQ_Pos' undeclared (first use in this function)
       plli2sq = ((RCC->PLLI2SCFGR & RCC_PLLI2SCFGR_PLLI2SQ) >> RCC_PLLI2SCFGR_PLLI2SQ_Pos);
                                                                ^~~~~~~~~~~~~~~~~~~~~~~~~~
In file included from ../Drivers/STM32F4xx_HAL_Driver/Inc/stm32f4xx_hal_rcc.h:49:0,
                 from ../Inc/stm32f4xx_hal_conf.h:245,
                 from ../Drivers/STM32F4xx_HAL_Driver/Inc/stm32f4xx_hal.h:46,
                 from ..\Drivers\STM32F4xx_HAL_Driver\Src\stm32f4xx_hal_rcc_ex.c:41:
../Drivers/STM32F4xx_HAL_Driver/Inc/stm32f4xx_hal_rcc_ex.h:5845:50: error: 'RCC_PLLI2SCFGR_PLLI2SN_Pos' undeclared (first use in this function)
                                ((__PLLI2SN__) << RCC_PLLI2SCFGR_PLLI2SN_Pos)             |\
                                                  ^
..\Drivers\STM32F4xx_HAL_Driver\Src\stm32f4xx_hal_rcc_ex.c:359:7: note: in expansion of macro '__HAL_RCC_PLLI2S_CONFIG'
       __HAL_RCC_PLLI2S_CONFIG(PeriphClkInit->PLLI2S.PLLI2SM, PeriphClkInit->PLLI2S.PLLI2SN , plli2sp, plli2sq, PeriphClkInit->PLLI2S.PLLI2SR);
       ^~~~~~~~~~~~~~~~~~~~~~~
../Drivers/STM32F4xx_HAL_Driver/Inc/stm32f4xx_hal_rcc_ex.h:5848:50: error: 'RCC_PLLI2SCFGR_PLLI2SR_Pos' undeclared (first use in this function)
                                ((__PLLI2SR__) << RCC_PLLI2SCFGR_PLLI2SR_Pos)))
                                                  ^
..\Drivers\STM32F4xx_HAL_Driver\Src\stm32f4xx_hal_rcc_ex.c:359:7: note: in expansion of macro '__HAL_RCC_PLLI2S_CONFIG'
       __HAL_RCC_PLLI2S_CONFIG(PeriphClkInit->PLLI2S.PLLI2SM, PeriphClkInit->PLLI2S.PLLI2SN , plli2sp, plli2sq, PeriphClkInit->PLLI2S.PLLI2SR);
       ^~~~~~~~~~~~~~~~~~~~~~~
..\Drivers\STM32F4xx_HAL_Driver\Src\stm32f4xx_hal_rcc_ex.c:459:39: error: 'RCC_PLLSAICFGR_PLLSAIP' undeclared (first use in this function)
       pllsaip = ((((RCC->PLLSAICFGR & RCC_PLLSAICFGR_PLLSAIP) >> RCC_PLLSAICFGR_PLLSAIP_Pos) + 1U) << 1U);
                                       ^~~~~~~~~~~~~~~~~~~~~~
..\Drivers\STM32F4xx_HAL_Driver\Src\stm32f4xx_hal_rcc_ex.c:459:66: error: 'RCC_PLLSAICFGR_PLLSAIP_Pos' undeclared (first use in this function)
       pllsaip = ((((RCC->PLLSAICFGR & RCC_PLLSAICFGR_PLLSAIP) >> RCC_PLLSAICFGR_PLLSAIP_Pos) + 1U) << 1U);
                                                                  ^~~~~~~~~~~~~~~~~~~~~~~~~~
In file included from ../Drivers/STM32F4xx_HAL_Driver/Inc/stm32f4xx_hal_rcc.h:49:0,
                 from ../Inc/stm32f4xx_hal_conf.h:245,
                 from ../Drivers/STM32F4xx_HAL_Driver/Inc/stm32f4xx_hal.h:46,
                 from ..\Drivers\STM32F4xx_HAL_Driver\Src\stm32f4xx_hal_rcc_ex.c:41:
../Drivers/STM32F4xx_HAL_Driver/Inc/stm32f4xx_hal_rcc_ex.h:5987:50: error: 'RCC_PLLSAICFGR_PLLSAIN_Pos' undeclared (first use in this function)
                                ((__PLLSAIN__) << RCC_PLLSAICFGR_PLLSAIN_Pos)             | \
                                                  ^
..\Drivers\STM32F4xx_HAL_Driver\Src\stm32f4xx_hal_rcc_ex.c:463:7: note: in expansion of macro '__HAL_RCC_PLLSAI_CONFIG'
       __HAL_RCC_PLLSAI_CONFIG(PeriphClkInit->PLLSAI.PLLSAIM, PeriphClkInit->PLLSAI.PLLSAIN , pllsaip, PeriphClkInit->PLLSAI.PLLSAIQ, 0U);
       ^~~~~~~~~~~~~~~~~~~~~~~
../Drivers/STM32F4xx_HAL_Driver/Inc/stm32f4xx_hal_rcc_ex.h:5989:50: error: 'RCC_PLLSAICFGR_PLLSAIQ_Pos' undeclared (first use in this function)
                                ((__PLLSAIQ__) << RCC_PLLSAICFGR_PLLSAIQ_Pos)))
                                                  ^
..\Drivers\STM32F4xx_HAL_Driver\Src\stm32f4xx_hal_rcc_ex.c:463:7: note: in expansion of macro '__HAL_RCC_PLLSAI_CONFIG'
       __HAL_RCC_PLLSAI_CONFIG(PeriphClkInit->PLLSAI.PLLSAIM, PeriphClkInit->PLLSAI.PLLSAIN , pllsaip, PeriphClkInit->PLLSAI.PLLSAIQ, 0U);
       ^~~~~~~~~~~~~~~~~~~~~~~
..\Drivers\STM32F4xx_HAL_Driver\Src\stm32f4xx_hal_rcc_ex.c:476:37: error: 'RCC_PLLSAICFGR_PLLSAIQ' undeclared (first use in this function)
       pllsaiq = ((RCC->PLLSAICFGR & RCC_PLLSAICFGR_PLLSAIQ) >> RCC_PLLSAICFGR_PLLSAIQ_Pos);
                                     ^~~~~~~~~~~~~~~~~~~~~~
..\Drivers\STM32F4xx_HAL_Driver\Src\stm32f4xx_hal_rcc_ex.c: In function 'HAL_RCCEx_GetPeriphCLKConfig':
..\Drivers\STM32F4xx_HAL_Driver\Src\stm32f4xx_hal_rcc_ex.c:520:65: error: 'RCC_PLLI2SCFGR_PLLI2SM' undeclared (first use in this function)
   PeriphClkInit->PLLI2S.PLLI2SM = (uint32_t)((RCC->PLLI2SCFGR & RCC_PLLI2SCFGR_PLLI2SM) >> RCC_PLLI2SCFGR_PLLI2SM_Pos);
                                                                 ^~~~~~~~~~~~~~~~~~~~~~
..\Drivers\STM32F4xx_HAL_Driver\Src\stm32f4xx_hal_rcc_ex.c:520:92: error: 'RCC_PLLI2SCFGR_PLLI2SM_Pos' undeclared (first use in this function)
   PeriphClkInit->PLLI2S.PLLI2SM = (uint32_t)((RCC->PLLI2SCFGR & RCC_PLLI2SCFGR_PLLI2SM) >> RCC_PLLI2SCFGR_PLLI2SM_Pos);
                                                                                            ^~~~~~~~~~~~~~~~~~~~~~~~~~
..\Drivers\STM32F4xx_HAL_Driver\Src\stm32f4xx_hal_rcc_ex.c:521:92: error: 'RCC_PLLI2SCFGR_PLLI2SN_Pos' undeclared (first use in this function)
   PeriphClkInit->PLLI2S.PLLI2SN = (uint32_t)((RCC->PLLI2SCFGR & RCC_PLLI2SCFGR_PLLI2SN) >> RCC_PLLI2SCFGR_PLLI2SN_Pos);
                                                                                            ^~~~~~~~~~~~~~~~~~~~~~~~~~
..\Drivers\STM32F4xx_HAL_Driver\Src\stm32f4xx_hal_rcc_ex.c:522:67: error: 'RCC_PLLI2SCFGR_PLLI2SP' undeclared (first use in this function)
   PeriphClkInit->PLLI2S.PLLI2SP = (uint32_t)((((RCC->PLLI2SCFGR & RCC_PLLI2SCFGR_PLLI2SP) >> RCC_PLLI2SCFGR_PLLI2SP_Pos) + 1U) << 1U);
                                                                   ^~~~~~~~~~~~~~~~~~~~~~
..\Drivers\STM32F4xx_HAL_Driver\Src\stm32f4xx_hal_rcc_ex.c:522:94: error: 'RCC_PLLI2SCFGR_PLLI2SP_Pos' undeclared (first use in this function)
   PeriphClkInit->PLLI2S.PLLI2SP = (uint32_t)((((RCC->PLLI2SCFGR & RCC_PLLI2SCFGR_PLLI2SP) >> RCC_PLLI2SCFGR_PLLI2SP_Pos) + 1U) << 1U);
                                                                                              ^~~~~~~~~~~~~~~~~~~~~~~~~~
..\Drivers\STM32F4xx_HAL_Driver\Src\stm32f4xx_hal_rcc_ex.c:523:92: error: 'RCC_PLLI2SCFGR_PLLI2SQ_Pos' undeclared (first use in this function)
   PeriphClkInit->PLLI2S.PLLI2SQ = (uint32_t)((RCC->PLLI2SCFGR & RCC_PLLI2SCFGR_PLLI2SQ) >> RCC_PLLI2SCFGR_PLLI2SQ_Pos);
                                                                                            ^~~~~~~~~~~~~~~~~~~~~~~~~~
..\Drivers\STM32F4xx_HAL_Driver\Src\stm32f4xx_hal_rcc_ex.c:524:92: error: 'RCC_PLLI2SCFGR_PLLI2SR_Pos' undeclared (first use in this function)
   PeriphClkInit->PLLI2S.PLLI2SR = (uint32_t)((RCC->PLLI2SCFGR & RCC_PLLI2SCFGR_PLLI2SR) >> RCC_PLLI2SCFGR_PLLI2SR_Pos);
                                                                                            ^~~~~~~~~~~~~~~~~~~~~~~~~~
..\Drivers\STM32F4xx_HAL_Driver\Src\stm32f4xx_hal_rcc_ex.c:526:65: error: 'RCC_PLLSAICFGR_PLLSAIM' undeclared (first use in this function)
   PeriphClkInit->PLLSAI.PLLSAIM = (uint32_t)((RCC->PLLSAICFGR & RCC_PLLSAICFGR_PLLSAIM) >> RCC_PLLSAICFGR_PLLSAIM_Pos);
                                                                 ^~~~~~~~~~~~~~~~~~~~~~
..\Drivers\STM32F4xx_HAL_Driver\Src\stm32f4xx_hal_rcc_ex.c:526:92: error: 'RCC_PLLSAICFGR_PLLSAIM_Pos' undeclared (first use in this function)
   PeriphClkInit->PLLSAI.PLLSAIM = (uint32_t)((RCC->PLLSAICFGR & RCC_PLLSAICFGR_PLLSAIM) >> RCC_PLLSAICFGR_PLLSAIM_Pos);
                                                                                            ^~~~~~~~~~~~~~~~~~~~~~~~~~
..\Drivers\STM32F4xx_HAL_Driver\Src\stm32f4xx_hal_rcc_ex.c:527:65: error: 'RCC_PLLSAICFGR_PLLSAIN' undeclared (first use in this function)
   PeriphClkInit->PLLSAI.PLLSAIN = (uint32_t)((RCC->PLLSAICFGR & RCC_PLLSAICFGR_PLLSAIN) >> RCC_PLLSAICFGR_PLLSAIN_Pos);
                                                                 ^~~~~~~~~~~~~~~~~~~~~~
..\Drivers\STM32F4xx_HAL_Driver\Src\stm32f4xx_hal_rcc_ex.c:527:92: error: 'RCC_PLLSAICFGR_PLLSAIN_Pos' undeclared (first use in this function)
   PeriphClkInit->PLLSAI.PLLSAIN = (uint32_t)((RCC->PLLSAICFGR & RCC_PLLSAICFGR_PLLSAIN) >> RCC_PLLSAICFGR_PLLSAIN_Pos);
                                                                                            ^~~~~~~~~~~~~~~~~~~~~~~~~~
..\Drivers\STM32F4xx_HAL_Driver\Src\stm32f4xx_hal_rcc_ex.c:528:67: error: 'RCC_PLLSAICFGR_PLLSAIP' undeclared (first use in this function)
   PeriphClkInit->PLLSAI.PLLSAIP = (uint32_t)((((RCC->PLLSAICFGR & RCC_PLLSAICFGR_PLLSAIP) >> RCC_PLLSAICFGR_PLLSAIP_Pos) + 1U) << 1U);
                                                                   ^~~~~~~~~~~~~~~~~~~~~~
..\Drivers\STM32F4xx_HAL_Driver\Src\stm32f4xx_hal_rcc_ex.c:528:94: error: 'RCC_PLLSAICFGR_PLLSAIP_Pos' undeclared (first use in this function)
   PeriphClkInit->PLLSAI.PLLSAIP = (uint32_t)((((RCC->PLLSAICFGR & RCC_PLLSAICFGR_PLLSAIP) >> RCC_PLLSAICFGR_PLLSAIP_Pos) + 1U) << 1U);
                                                                                              ^~~~~~~~~~~~~~~~~~~~~~~~~~
..\Drivers\STM32F4xx_HAL_Driver\Src\stm32f4xx_hal_rcc_ex.c:529:65: error: 'RCC_PLLSAICFGR_PLLSAIQ' undeclared (first use in this function)
   PeriphClkInit->PLLSAI.PLLSAIQ = (uint32_t)((RCC->PLLSAICFGR & RCC_PLLSAICFGR_PLLSAIQ) >> RCC_PLLSAICFGR_PLLSAIQ_Pos);
                                                                 ^~~~~~~~~~~~~~~~~~~~~~
..\Drivers\STM32F4xx_HAL_Driver\Src\stm32f4xx_hal_rcc_ex.c:529:92: error: 'RCC_PLLSAICFGR_PLLSAIQ_Pos' undeclared (first use in this function)
   PeriphClkInit->PLLSAI.PLLSAIQ = (uint32_t)((RCC->PLLSAICFGR & RCC_PLLSAICFGR_PLLSAIQ) >> RCC_PLLSAICFGR_PLLSAIQ_Pos);
                                                                                            ^~~~~~~~~~~~~~~~~~~~~~~~~~
..\Drivers\STM32F4xx_HAL_Driver\Src\stm32f4xx_hal_rcc_ex.c:531:85: error: 'RCC_DCKCFGR_PLLI2SDIVQ_Pos' undeclared (first use in this function)
   PeriphClkInit->PLLI2SDivQ = (uint32_t)((RCC->DCKCFGR & RCC_DCKCFGR_PLLI2SDIVQ) >> RCC_DCKCFGR_PLLI2SDIVQ_Pos);
                                                                                     ^~~~~~~~~~~~~~~~~~~~~~~~~~
..\Drivers\STM32F4xx_HAL_Driver\Src\stm32f4xx_hal_rcc_ex.c:532:85: error: 'RCC_DCKCFGR_PLLSAIDIVQ_Pos' undeclared (first use in this function)
   PeriphClkInit->PLLSAIDivQ = (uint32_t)((RCC->DCKCFGR & RCC_DCKCFGR_PLLSAIDIVQ) >> RCC_DCKCFGR_PLLSAIDIVQ_Pos);
                                                                                     ^~~~~~~~~~~~~~~~~~~~~~~~~~
In file included from ../Drivers/STM32F4xx_HAL_Driver/Inc/stm32f4xx_hal_def.h:46:0,
                 from ../Drivers/STM32F4xx_HAL_Driver/Inc/stm32f4xx_hal_rcc.h:45,
                 from ../Inc/stm32f4xx_hal_conf.h:245,
                 from ../Drivers/STM32F4xx_HAL_Driver/Inc/stm32f4xx_hal.h:46,
                 from ..\Drivers\STM32F4xx_HAL_Driver\Src\stm32f4xx_hal_rcc_ex.c:41:
../Drivers/STM32F4xx_HAL_Driver/Inc/stm32f4xx_hal_rcc_ex.h:6170:61: error: 'RCC_DCKCFGR_SAI1SRC' undeclared (first use in this function)
 #define __HAL_RCC_GET_SAI1_SOURCE() (READ_BIT(RCC->DCKCFGR, RCC_DCKCFGR_SAI1SRC))
                                                             ^
../Inc/stm32f4xx.h:9125:41: note: in definition of macro 'READ_BIT'
 #define READ_BIT(REG, BIT)    ((REG) & (BIT))
                                         ^~~
..\Drivers\STM32F4xx_HAL_Driver\Src\stm32f4xx_hal_rcc_ex.c:535:39: note: in expansion of macro '__HAL_RCC_GET_SAI1_SOURCE'
   PeriphClkInit->Sai1ClockSelection = __HAL_RCC_GET_SAI1_SOURCE();
                                       ^~~~~~~~~~~~~~~~~~~~~~~~~
../Drivers/STM32F4xx_HAL_Driver/Inc/stm32f4xx_hal_rcc_ex.h:6193:61: error: 'RCC_DCKCFGR_SAI2SRC' undeclared (first use in this function)
 #define __HAL_RCC_GET_SAI2_SOURCE() (READ_BIT(RCC->DCKCFGR, RCC_DCKCFGR_SAI2SRC))
                                                             ^
../Inc/stm32f4xx.h:9125:41: note: in definition of macro 'READ_BIT'
 #define READ_BIT(REG, BIT)    ((REG) & (BIT))
                                         ^~~
..\Drivers\STM32F4xx_HAL_Driver\Src\stm32f4xx_hal_rcc_ex.c:538:39: note: in expansion of macro '__HAL_RCC_GET_SAI2_SOURCE'
   PeriphClkInit->Sai2ClockSelection = __HAL_RCC_GET_SAI2_SOURCE();
                                       ^~~~~~~~~~~~~~~~~~~~~~~~~
../Drivers/STM32F4xx_HAL_Driver/Inc/stm32f4xx_hal_rcc_ex.h:6213:65: error: 'RCC_DCKCFGR_I2S1SRC' undeclared (first use in this function)
 #define __HAL_RCC_GET_I2S_APB1_SOURCE() (READ_BIT(RCC->DCKCFGR, RCC_DCKCFGR_I2S1SRC))
                                                                 ^
../Inc/stm32f4xx.h:9125:41: note: in definition of macro 'READ_BIT'
 #define READ_BIT(REG, BIT)    ((REG) & (BIT))
                                         ^~~
..\Drivers\STM32F4xx_HAL_Driver\Src\stm32f4xx_hal_rcc_ex.c:541:42: note: in expansion of macro '__HAL_RCC_GET_I2S_APB1_SOURCE'
   PeriphClkInit->I2sApb1ClockSelection = __HAL_RCC_GET_I2S_APB1_SOURCE();
                                          ^~~~~~~~~~~~~~~~~~~~~~~~~~~~~
../Drivers/STM32F4xx_HAL_Driver/Inc/stm32f4xx_hal_rcc_ex.h:6233:65: error: 'RCC_DCKCFGR_I2S2SRC' undeclared (first use in this function)
 #define __HAL_RCC_GET_I2S_APB2_SOURCE() (READ_BIT(RCC->DCKCFGR, RCC_DCKCFGR_I2S2SRC))
                                                                 ^
../Inc/stm32f4xx.h:9125:41: note: in definition of macro 'READ_BIT'
 #define READ_BIT(REG, BIT)    ((REG) & (BIT))
                                         ^~~
..\Drivers\STM32F4xx_HAL_Driver\Src\stm32f4xx_hal_rcc_ex.c:544:42: note: in expansion of macro '__HAL_RCC_GET_I2S_APB2_SOURCE'
   PeriphClkInit->I2sApb2ClockSelection = __HAL_RCC_GET_I2S_APB2_SOURCE();
                                          ^~~~~~~~~~~~~~~~~~~~~~~~~~~~~
../Drivers/STM32F4xx_HAL_Driver/Inc/stm32f4xx_hal_rcc_ex.h:6248:49: error: 'RCC_TypeDef {aka struct <anonymous>}' has no member named 'DCKCFGR2'; did you mean 'DCKCFGR'?
 #define __HAL_RCC_GET_CEC_SOURCE() (READ_BIT(RCC->DCKCFGR2, RCC_DCKCFGR2_CECSEL))
                                                 ^
../Inc/stm32f4xx.h:9125:33: note: in definition of macro 'READ_BIT'
 #define READ_BIT(REG, BIT)    ((REG) & (BIT))
                                 ^~~
..\Drivers\STM32F4xx_HAL_Driver\Src\stm32f4xx_hal_rcc_ex.c:551:38: note: in expansion of macro '__HAL_RCC_GET_CEC_SOURCE'
   PeriphClkInit->CecClockSelection = __HAL_RCC_GET_CEC_SOURCE();
                                      ^~~~~~~~~~~~~~~~~~~~~~~~
../Drivers/STM32F4xx_HAL_Driver/Inc/stm32f4xx_hal_rcc_ex.h:6248:61: error: 'RCC_DCKCFGR2_CECSEL' undeclared (first use in this function)
 #define __HAL_RCC_GET_CEC_SOURCE() (READ_BIT(RCC->DCKCFGR2, RCC_DCKCFGR2_CECSEL))
                                                             ^
../Inc/stm32f4xx.h:9125:41: note: in definition of macro 'READ_BIT'
 #define READ_BIT(REG, BIT)    ((REG) & (BIT))
                                         ^~~
..\Drivers\STM32F4xx_HAL_Driver\Src\stm32f4xx_hal_rcc_ex.c:551:38: note: in expansion of macro '__HAL_RCC_GET_CEC_SOURCE'
   PeriphClkInit->CecClockSelection = __HAL_RCC_GET_CEC_SOURCE();
                                      ^~~~~~~~~~~~~~~~~~~~~~~~
../Drivers/STM32F4xx_HAL_Driver/Inc/stm32f4xx_hal_rcc_ex.h:6265:53: error: 'RCC_TypeDef {aka struct <anonymous>}' has no member named 'DCKCFGR2'; did you mean 'DCKCFGR'?
 #define __HAL_RCC_GET_FMPI2C1_SOURCE() (READ_BIT(RCC->DCKCFGR2, RCC_DCKCFGR2_FMPI2C1SEL))
                                                     ^
../Inc/stm32f4xx.h:9125:33: note: in definition of macro 'READ_BIT'
 #define READ_BIT(REG, BIT)    ((REG) & (BIT))
                                 ^~~
..\Drivers\STM32F4xx_HAL_Driver\Src\stm32f4xx_hal_rcc_ex.c:554:42: note: in expansion of macro '__HAL_RCC_GET_FMPI2C1_SOURCE'
   PeriphClkInit->Fmpi2c1ClockSelection = __HAL_RCC_GET_FMPI2C1_SOURCE();
                                          ^~~~~~~~~~~~~~~~~~~~~~~~~~~~
../Drivers/STM32F4xx_HAL_Driver/Inc/stm32f4xx_hal_rcc_ex.h:6265:65: error: 'RCC_DCKCFGR2_FMPI2C1SEL' undeclared (first use in this function)
 #define __HAL_RCC_GET_FMPI2C1_SOURCE() (READ_BIT(RCC->DCKCFGR2, RCC_DCKCFGR2_FMPI2C1SEL))
                                                                 ^
../Inc/stm32f4xx.h:9125:41: note: in definition of macro 'READ_BIT'
 #define READ_BIT(REG, BIT)    ((REG) & (BIT))
                                         ^~~
..\Drivers\STM32F4xx_HAL_Driver\Src\stm32f4xx_hal_rcc_ex.c:554:42: note: in expansion of macro '__HAL_RCC_GET_FMPI2C1_SOURCE'
   PeriphClkInit->Fmpi2c1ClockSelection = __HAL_RCC_GET_FMPI2C1_SOURCE();
                                          ^~~~~~~~~~~~~~~~~~~~~~~~~~~~
../Drivers/STM32F4xx_HAL_Driver/Inc/stm32f4xx_hal_rcc_ex.h:6280:51: error: 'RCC_TypeDef {aka struct <anonymous>}' has no member named 'DCKCFGR2'; did you mean 'DCKCFGR'?
 #define __HAL_RCC_GET_CLK48_SOURCE() (READ_BIT(RCC->DCKCFGR2, RCC_DCKCFGR2_CK48MSEL))
                                                   ^
../Inc/stm32f4xx.h:9125:33: note: in definition of macro 'READ_BIT'
 #define READ_BIT(REG, BIT)    ((REG) & (BIT))
                                 ^~~
..\Drivers\STM32F4xx_HAL_Driver\Src\stm32f4xx_hal_rcc_ex.c:557:40: note: in expansion of macro '__HAL_RCC_GET_CLK48_SOURCE'
   PeriphClkInit->Clk48ClockSelection = __HAL_RCC_GET_CLK48_SOURCE();
                                        ^~~~~~~~~~~~~~~~~~~~~~~~~~
../Drivers/STM32F4xx_HAL_Driver/Inc/stm32f4xx_hal_rcc_ex.h:6280:63: error: 'RCC_DCKCFGR2_CK48MSEL' undeclared (first use in this function)
 #define __HAL_RCC_GET_CLK48_SOURCE() (READ_BIT(RCC->DCKCFGR2, RCC_DCKCFGR2_CK48MSEL))
                                                               ^
../Inc/stm32f4xx.h:9125:41: note: in definition of macro 'READ_BIT'
 #define READ_BIT(REG, BIT)    ((REG) & (BIT))
                                         ^~~
..\Drivers\STM32F4xx_HAL_Driver\Src\stm32f4xx_hal_rcc_ex.c:557:40: note: in expansion of macro '__HAL_RCC_GET_CLK48_SOURCE'
   PeriphClkInit->Clk48ClockSelection = __HAL_RCC_GET_CLK48_SOURCE();
                                        ^~~~~~~~~~~~~~~~~~~~~~~~~~
../Drivers/STM32F4xx_HAL_Driver/Inc/stm32f4xx_hal_rcc_ex.h:6295:50: error: 'RCC_TypeDef {aka struct <anonymous>}' has no member named 'DCKCFGR2'; did you mean 'DCKCFGR'?
 #define __HAL_RCC_GET_SDIO_SOURCE() (READ_BIT(RCC->DCKCFGR2, RCC_DCKCFGR2_SDIOSEL))
                                                  ^
../Inc/stm32f4xx.h:9125:33: note: in definition of macro 'READ_BIT'
 #define READ_BIT(REG, BIT)    ((REG) & (BIT))
                                 ^~~
..\Drivers\STM32F4xx_HAL_Driver\Src\stm32f4xx_hal_rcc_ex.c:560:39: note: in expansion of macro '__HAL_RCC_GET_SDIO_SOURCE'
   PeriphClkInit->SdioClockSelection = __HAL_RCC_GET_SDIO_SOURCE();
                                       ^~~~~~~~~~~~~~~~~~~~~~~~~
../Drivers/STM32F4xx_HAL_Driver/Inc/stm32f4xx_hal_rcc_ex.h:6295:62: error: 'RCC_DCKCFGR2_SDIOSEL' undeclared (first use in this function)
 #define __HAL_RCC_GET_SDIO_SOURCE() (READ_BIT(RCC->DCKCFGR2, RCC_DCKCFGR2_SDIOSEL))
                                                              ^
../Inc/stm32f4xx.h:9125:41: note: in definition of macro 'READ_BIT'
 #define READ_BIT(REG, BIT)    ((REG) & (BIT))
                                         ^~~
..\Drivers\STM32F4xx_HAL_Driver\Src\stm32f4xx_hal_rcc_ex.c:560:39: note: in expansion of macro '__HAL_RCC_GET_SDIO_SOURCE'
   PeriphClkInit->SdioClockSelection = __HAL_RCC_GET_SDIO_SOURCE();
                                       ^~~~~~~~~~~~~~~~~~~~~~~~~
../Drivers/STM32F4xx_HAL_Driver/Inc/stm32f4xx_hal_rcc_ex.h:6310:53: error: 'RCC_TypeDef {aka struct <anonymous>}' has no member named 'DCKCFGR2'; did you mean 'DCKCFGR'?
 #define __HAL_RCC_GET_SPDIFRX_SOURCE() (READ_BIT(RCC->DCKCFGR2, RCC_DCKCFGR2_SPDIFRXSEL))
                                                     ^
../Inc/stm32f4xx.h:9125:33: note: in definition of macro 'READ_BIT'
 #define READ_BIT(REG, BIT)    ((REG) & (BIT))
                                 ^~~
..\Drivers\STM32F4xx_HAL_Driver\Src\stm32f4xx_hal_rcc_ex.c:563:40: note: in expansion of macro '__HAL_RCC_GET_SPDIFRX_SOURCE'
   PeriphClkInit->SpdifClockSelection = __HAL_RCC_GET_SPDIFRX_SOURCE();
                                        ^~~~~~~~~~~~~~~~~~~~~~~~~~~~
../Drivers/STM32F4xx_HAL_Driver/Inc/stm32f4xx_hal_rcc_ex.h:6310:65: error: 'RCC_DCKCFGR2_SPDIFRXSEL' undeclared (first use in this function)
 #define __HAL_RCC_GET_SPDIFRX_SOURCE() (READ_BIT(RCC->DCKCFGR2, RCC_DCKCFGR2_SPDIFRXSEL))
                                                                 ^
../Inc/stm32f4xx.h:9125:41: note: in definition of macro 'READ_BIT'
 #define READ_BIT(REG, BIT)    ((REG) & (BIT))
                                         ^~~
..\Drivers\STM32F4xx_HAL_Driver\Src\stm32f4xx_hal_rcc_ex.c:563:40: note: in expansion of macro '__HAL_RCC_GET_SPDIFRX_SOURCE'
   PeriphClkInit->SpdifClockSelection = __HAL_RCC_GET_SPDIFRX_SOURCE();
                                        ^~~~~~~~~~~~~~~~~~~~~~~~~~~~
..\Drivers\STM32F4xx_HAL_Driver\Src\stm32f4xx_hal_rcc_ex.c: In function 'HAL_RCCEx_GetPeriphCLKFreq':
..\Drivers\STM32F4xx_HAL_Driver\Src\stm32f4xx_hal_rcc_ex.c:605:26: error: 'RCC_DCKCFGR_SAI1SRC' undeclared (first use in this function)
       saiclocksource &= (RCC_DCKCFGR_SAI1SRC | RCC_DCKCFGR_SAI2SRC);
                          ^~~~~~~~~~~~~~~~~~~
..\Drivers\STM32F4xx_HAL_Driver\Src\stm32f4xx_hal_rcc_ex.c:605:48: error: 'RCC_DCKCFGR_SAI2SRC' undeclared (first use in this function)
       saiclocksource &= (RCC_DCKCFGR_SAI1SRC | RCC_DCKCFGR_SAI2SRC);
                                                ^~~~~~~~~~~~~~~~~~~
..\Drivers\STM32F4xx_HAL_Driver\Src\stm32f4xx_hal_rcc_ex.c:615:66: error: 'RCC_PLLSAICFGR_PLLSAIM' undeclared (first use in this function)
             vcoinput = (HSI_VALUE / (uint32_t)(RCC->PLLSAICFGR & RCC_PLLSAICFGR_PLLSAIM));
                                                                  ^~~~~~~~~~~~~~~~~~~~~~
..\Drivers\STM32F4xx_HAL_Driver\Src\stm32f4xx_hal_rcc_ex.c:624:40: error: 'RCC_PLLSAICFGR_PLLSAIQ' undeclared (first use in this function)
           tmpreg1 = (RCC->PLLSAICFGR & RCC_PLLSAICFGR_PLLSAIQ) >> 24U;
                                        ^~~~~~~~~~~~~~~~~~~~~~
..\Drivers\STM32F4xx_HAL_Driver\Src\stm32f4xx_hal_rcc_ex.c:625:55: error: 'RCC_PLLSAICFGR_PLLSAIN' undeclared (first use in this function)
           frequency = (vcoinput * ((RCC->PLLSAICFGR & RCC_PLLSAICFGR_PLLSAIN) >> 6U))/(tmpreg1);
                                                       ^~~~~~~~~~~~~~~~~~~~~~
..\Drivers\STM32F4xx_HAL_Driver\Src\stm32f4xx_hal_rcc_ex.c:632:12: error: 'RCC_DCKCFGR_SAI1SRC_0' undeclared (first use in this function)
       case RCC_DCKCFGR_SAI1SRC_0: /* PLLI2S is the clock source for SAI*/
            ^~~~~~~~~~~~~~~~~~~~~
..\Drivers\STM32F4xx_HAL_Driver\Src\stm32f4xx_hal_rcc_ex.c:633:12: error: 'RCC_DCKCFGR_SAI2SRC_0' undeclared (first use in this function)
       case RCC_DCKCFGR_SAI2SRC_0: /* PLLI2S is the clock source for SAI*/
            ^~~~~~~~~~~~~~~~~~~~~
..\Drivers\STM32F4xx_HAL_Driver\Src\stm32f4xx_hal_rcc_ex.c:640:66: error: 'RCC_PLLI2SCFGR_PLLI2SM' undeclared (first use in this function)
             vcoinput = (HSI_VALUE / (uint32_t)(RCC->PLLI2SCFGR & RCC_PLLI2SCFGR_PLLI2SM));
                                                                  ^~~~~~~~~~~~~~~~~~~~~~
..\Drivers\STM32F4xx_HAL_Driver\Src\stm32f4xx_hal_rcc_ex.c:658:12: error: 'RCC_DCKCFGR_SAI1SRC_1' undeclared (first use in this function)
       case RCC_DCKCFGR_SAI1SRC_1: /* PLLR is the clock source for SAI*/
            ^~~~~~~~~~~~~~~~~~~~~
..\Drivers\STM32F4xx_HAL_Driver\Src\stm32f4xx_hal_rcc_ex.c:659:12: error: 'RCC_DCKCFGR_SAI2SRC_1' undeclared (first use in this function)
       case RCC_DCKCFGR_SAI2SRC_1: /* PLLR is the clock source for SAI*/
            ^~~~~~~~~~~~~~~~~~~~~
..\Drivers\STM32F4xx_HAL_Driver\Src\stm32f4xx_hal_rcc_ex.c:676:37: error: 'RCC_PLLCFGR_PLLR' undeclared (first use in this function)
           tmpreg1 = (RCC->PLLCFGR & RCC_PLLCFGR_PLLR) >> 28U;
                                     ^~~~~~~~~~~~~~~~
In file included from ../Drivers/STM32F4xx_HAL_Driver/Inc/stm32f4xx_hal_def.h:46:0,
                 from ../Drivers/STM32F4xx_HAL_Driver/Inc/stm32f4xx_hal_rcc.h:45,
                 from ../Inc/stm32f4xx_hal_conf.h:245,
                 from ../Drivers/STM32F4xx_HAL_Driver/Inc/stm32f4xx_hal.h:46,
                 from ..\Drivers\STM32F4xx_HAL_Driver\Src\stm32f4xx_hal_rcc_ex.c:41:
../Drivers/STM32F4xx_HAL_Driver/Inc/stm32f4xx_hal_rcc_ex.h:6213:65: error: 'RCC_DCKCFGR_I2S1SRC' undeclared (first use in this function)
 #define __HAL_RCC_GET_I2S_APB1_SOURCE() (READ_BIT(RCC->DCKCFGR, RCC_DCKCFGR_I2S1SRC))
                                                                 ^
../Inc/stm32f4xx.h:9125:41: note: in definition of macro 'READ_BIT'
 #define READ_BIT(REG, BIT)    ((REG) & (BIT))
                                         ^~~
..\Drivers\STM32F4xx_HAL_Driver\Src\stm32f4xx_hal_rcc_ex.c:709:16: note: in expansion of macro '__HAL_RCC_GET_I2S_APB1_SOURCE'
       srcclk = __HAL_RCC_GET_I2S_APB1_SOURCE();
                ^~~~~~~~~~~~~~~~~~~~~~~~~~~~~
In file included from ../Drivers/STM32F4xx_HAL_Driver/Inc/stm32f4xx_hal_rcc.h:49:0,
                 from ../Inc/stm32f4xx_hal_conf.h:245,
                 from ../Drivers/STM32F4xx_HAL_Driver/Inc/stm32f4xx_hal.h:46,
                 from ..\Drivers\STM32F4xx_HAL_Driver\Src\stm32f4xx_hal_rcc_ex.c:41:
../Drivers/STM32F4xx_HAL_Driver/Inc/stm32f4xx_hal_rcc_ex.h:673:57: error: 'RCC_DCKCFGR_I2S1SRC_0' undeclared (first use in this function)
 #define RCC_I2SAPB1CLKSOURCE_EXT             ((uint32_t)RCC_DCKCFGR_I2S1SRC_0)
                                                         ^
..\Drivers\STM32F4xx_HAL_Driver\Src\stm32f4xx_hal_rcc_ex.c:713:12: note: in expansion of macro 'RCC_I2SAPB1CLKSOURCE_EXT'
       case RCC_I2SAPB1CLKSOURCE_EXT:
            ^~~~~~~~~~~~~~~~~~~~~~~~
../Drivers/STM32F4xx_HAL_Driver/Inc/stm32f4xx_hal_rcc_ex.h:674:57: error: 'RCC_DCKCFGR_I2S1SRC_1' undeclared (first use in this function)
 #define RCC_I2SAPB1CLKSOURCE_PLLR            ((uint32_t)RCC_DCKCFGR_I2S1SRC_1)
                                                         ^
..\Drivers\STM32F4xx_HAL_Driver\Src\stm32f4xx_hal_rcc_ex.c:742:12: note: in expansion of macro 'RCC_I2SAPB1CLKSOURCE_PLLR'
       case RCC_I2SAPB1CLKSOURCE_PLLR:
            ^~~~~~~~~~~~~~~~~~~~~~~~~
In file included from ../Drivers/STM32F4xx_HAL_Driver/Inc/stm32f4xx_hal_def.h:46:0,
                 from ../Drivers/STM32F4xx_HAL_Driver/Inc/stm32f4xx_hal_rcc.h:45,
                 from ../Inc/stm32f4xx_hal_conf.h:245,
                 from ../Drivers/STM32F4xx_HAL_Driver/Inc/stm32f4xx_hal.h:46,
                 from ..\Drivers\STM32F4xx_HAL_Driver\Src\stm32f4xx_hal_rcc_ex.c:41:
../Drivers/STM32F4xx_HAL_Driver/Inc/stm32f4xx_hal_rcc_ex.h:6233:65: error: 'RCC_DCKCFGR_I2S2SRC' undeclared (first use in this function)
 #define __HAL_RCC_GET_I2S_APB2_SOURCE() (READ_BIT(RCC->DCKCFGR, RCC_DCKCFGR_I2S2SRC))
                                                                 ^
../Inc/stm32f4xx.h:9125:41: note: in definition of macro 'READ_BIT'
 #define READ_BIT(REG, BIT)    ((REG) & (BIT))
                                         ^~~
..\Drivers\STM32F4xx_HAL_Driver\Src\stm32f4xx_hal_rcc_ex.c:788:16: note: in expansion of macro '__HAL_RCC_GET_I2S_APB2_SOURCE'
       srcclk = __HAL_RCC_GET_I2S_APB2_SOURCE();
                ^~~~~~~~~~~~~~~~~~~~~~~~~~~~~
In file included from ../Drivers/STM32F4xx_HAL_Driver/Inc/stm32f4xx_hal_rcc.h:49:0,
                 from ../Inc/stm32f4xx_hal_conf.h:245,
                 from ../Drivers/STM32F4xx_HAL_Driver/Inc/stm32f4xx_hal.h:46,
                 from ..\Drivers\STM32F4xx_HAL_Driver\Src\stm32f4xx_hal_rcc_ex.c:41:
../Drivers/STM32F4xx_HAL_Driver/Inc/stm32f4xx_hal_rcc_ex.h:684:57: error: 'RCC_DCKCFGR_I2S2SRC_0' undeclared (first use in this function)
 #define RCC_I2SAPB2CLKSOURCE_EXT             ((uint32_t)RCC_DCKCFGR_I2S2SRC_0)
                                                         ^
..\Drivers\STM32F4xx_HAL_Driver\Src\stm32f4xx_hal_rcc_ex.c:792:12: note: in expansion of macro 'RCC_I2SAPB2CLKSOURCE_EXT'
       case RCC_I2SAPB2CLKSOURCE_EXT:
            ^~~~~~~~~~~~~~~~~~~~~~~~
../Drivers/STM32F4xx_HAL_Driver/Inc/stm32f4xx_hal_rcc_ex.h:685:57: error: 'RCC_DCKCFGR_I2S2SRC_1' undeclared (first use in this function)
 #define RCC_I2SAPB2CLKSOURCE_PLLR            ((uint32_t)RCC_DCKCFGR_I2S2SRC_1)
                                                         ^
..\Drivers\STM32F4xx_HAL_Driver\Src\stm32f4xx_hal_rcc_ex.c:821:12: note: in expansion of macro 'RCC_I2SAPB2CLKSOURCE_PLLR'
       case RCC_I2SAPB2CLKSOURCE_PLLR:
            ^~~~~~~~~~~~~~~~~~~~~~~~~
In file included from ../Drivers/STM32F4xx_HAL_Driver/Inc/stm32f4xx_hal_def.h:46:0,
                 from ../Drivers/STM32F4xx_HAL_Driver/Inc/stm32f4xx_hal_rcc.h:45,
                 from ../Inc/stm32f4xx_hal_conf.h:245,
                 from ../Drivers/STM32F4xx_HAL_Driver/Inc/stm32f4xx_hal.h:46,
                 from ..\Drivers\STM32F4xx_HAL_Driver\Src\stm32f4xx_hal_rcc_ex.c:41:
..\Drivers\STM32F4xx_HAL_Driver\Src\stm32f4xx_hal_rcc_ex.c: In function 'HAL_RCCEx_SelectLSEMode':
..\Drivers\STM32F4xx_HAL_Driver\Src\stm32f4xx_hal_rcc_ex.c:2778:24: error: 'RCC_BDCR_LSEMOD' undeclared (first use in this function)
     SET_BIT(RCC->BDCR, RCC_BDCR_LSEMOD);
                        ^
../Inc/stm32f4xx.h:9121:42: note: in definition of macro 'SET_BIT'
 #define SET_BIT(REG, BIT)     ((REG) |= (BIT))
                                          ^~~
..\Drivers\STM32F4xx_HAL_Driver\Src\stm32f4xx_hal_rcc_ex.c: In function 'HAL_RCC_GetSysClockFreq':
..\Drivers\STM32F4xx_HAL_Driver\Src\stm32f4xx_hal_rcc_ex.c:3086:105: error: 'RCC_PLLCFGR_PLLN_Pos' undeclared (first use in this function)
         pllvco = (uint32_t) ((((uint64_t) HSE_VALUE * ((uint64_t) ((RCC->PLLCFGR & RCC_PLLCFGR_PLLN) >> RCC_PLLCFGR_PLLN_Pos)))) / (uint64_t)pllm);
                                                                                                         ^~~~~~~~~~~~~~~~~~~~
..\Drivers\STM32F4xx_HAL_Driver\Src\stm32f4xx_hal_rcc_ex.c:3093:54: error: 'RCC_PLLCFGR_PLLP_Pos' undeclared (first use in this function)
       pllp = ((((RCC->PLLCFGR & RCC_PLLCFGR_PLLP) >> RCC_PLLCFGR_PLLP_Pos) + 1U) *2U);
                                                      ^~~~~~~~~~~~~~~~~~~~
..\Drivers\STM32F4xx_HAL_Driver\Src\stm32f4xx_hal_rcc_ex.c:3098:10: error: 'RCC_CFGR_SWS_PLLR' undeclared (first use in this function)
     case RCC_CFGR_SWS_PLLR:  /* PLL/PLLR used as system clock  source */
          ^~~~~~~~~~~~~~~~~
..\Drivers\STM32F4xx_HAL_Driver\Src\stm32f4xx_hal_rcc_ex.c:3113:31: error: 'RCC_PLLCFGR_PLLR' undeclared (first use in this function)
       pllr = ((RCC->PLLCFGR & RCC_PLLCFGR_PLLR) >> RCC_PLLCFGR_PLLR_Pos);
                               ^~~~~~~~~~~~~~~~
..\Drivers\STM32F4xx_HAL_Driver\Src\stm32f4xx_hal_rcc_ex.c:3113:52: error: 'RCC_PLLCFGR_PLLR_Pos' undeclared (first use in this function)
       pllr = ((RCC->PLLCFGR & RCC_PLLCFGR_PLLR) >> RCC_PLLCFGR_PLLR_Pos);
                                                    ^~~~~~~~~~~~~~~~~~~~
..\Drivers\STM32F4xx_HAL_Driver\Src\stm32f4xx_hal_rcc_ex.c: In function 'HAL_RCC_DeInit':
..\Drivers\STM32F4xx_HAL_Driver\Src\stm32f4xx_hal_rcc_ex.c:3253:102: error: 'RCC_PLLCFGR_PLLR_1' undeclared (first use in this function)
   RCC->PLLCFGR = RCC_PLLCFGR_PLLM_4 | RCC_PLLCFGR_PLLN_6 | RCC_PLLCFGR_PLLN_7 | RCC_PLLCFGR_PLLQ_2 | RCC_PLLCFGR_PLLR_1;
                                                                                                      ^~~~~~~~~~~~~~~~~~
..\Drivers\STM32F4xx_HAL_Driver\Src\stm32f4xx_hal_rcc_ex.c:3263:21: error: 'RCC_PLLI2SCFGR_PLLI2SM_4' undeclared (first use in this function)
   RCC->PLLI2SCFGR = RCC_PLLI2SCFGR_PLLI2SM_4 | RCC_PLLI2SCFGR_PLLI2SN_6 | RCC_PLLI2SCFGR_PLLI2SN_7 | RCC_PLLI2SCFGR_PLLI2SQ_2 | RCC_PLLI2SCFGR_PLLI2SR_1;
                     ^~~~~~~~~~~~~~~~~~~~~~~~
..\Drivers\STM32F4xx_HAL_Driver\Src\stm32f4xx_hal_rcc_ex.c:3263:48: error: 'RCC_PLLI2SCFGR_PLLI2SN_6' undeclared (first use in this function)
   RCC->PLLI2SCFGR = RCC_PLLI2SCFGR_PLLI2SM_4 | RCC_PLLI2SCFGR_PLLI2SN_6 | RCC_PLLI2SCFGR_PLLI2SN_7 | RCC_PLLI2SCFGR_PLLI2SQ_2 | RCC_PLLI2SCFGR_PLLI2SR_1;
                                                ^~~~~~~~~~~~~~~~~~~~~~~~
..\Drivers\STM32F4xx_HAL_Driver\Src\stm32f4xx_hal_rcc_ex.c:3263:75: error: 'RCC_PLLI2SCFGR_PLLI2SN_7' undeclared (first use in this function)
   RCC->PLLI2SCFGR = RCC_PLLI2SCFGR_PLLI2SM_4 | RCC_PLLI2SCFGR_PLLI2SN_6 | RCC_PLLI2SCFGR_PLLI2SN_7 | RCC_PLLI2SCFGR_PLLI2SQ_2 | RCC_PLLI2SCFGR_PLLI2SR_1;
                                                                           ^~~~~~~~~~~~~~~~~~~~~~~~
..\Drivers\STM32F4xx_HAL_Driver\Src\stm32f4xx_hal_rcc_ex.c:3263:102: error: 'RCC_PLLI2SCFGR_PLLI2SQ_2' undeclared (first use in this function)
   RCC->PLLI2SCFGR = RCC_PLLI2SCFGR_PLLI2SM_4 | RCC_PLLI2SCFGR_PLLI2SN_6 | RCC_PLLI2SCFGR_PLLI2SN_7 | RCC_PLLI2SCFGR_PLLI2SQ_2 | RCC_PLLI2SCFGR_PLLI2SR_1;
                                                                                                      ^~~~~~~~~~~~~~~~~~~~~~~~
..\Drivers\STM32F4xx_HAL_Driver\Src\stm32f4xx_hal_rcc_ex.c:3263:129: error: 'RCC_PLLI2SCFGR_PLLI2SR_1' undeclared (first use in this function)
   RCC->PLLI2SCFGR = RCC_PLLI2SCFGR_PLLI2SM_4 | RCC_PLLI2SCFGR_PLLI2SN_6 | RCC_PLLI2SCFGR_PLLI2SN_7 | RCC_PLLI2SCFGR_PLLI2SQ_2 | RCC_PLLI2SCFGR_PLLI2SR_1;
                                                                                                                                 ^~~~~~~~~~~~~~~~~~~~~~~~
..\Drivers\STM32F4xx_HAL_Driver\Src\stm32f4xx_hal_rcc_ex.c:3276:21: error: 'RCC_PLLSAICFGR_PLLSAIM_4' undeclared (first use in this function)
   RCC->PLLSAICFGR = RCC_PLLSAICFGR_PLLSAIM_4 | RCC_PLLSAICFGR_PLLSAIN_6 | RCC_PLLSAICFGR_PLLSAIN_7 | RCC_PLLSAICFGR_PLLSAIQ_2;
                     ^~~~~~~~~~~~~~~~~~~~~~~~
..\Drivers\STM32F4xx_HAL_Driver\Src\stm32f4xx_hal_rcc_ex.c:3276:48: error: 'RCC_PLLSAICFGR_PLLSAIN_6' undeclared (first use in this function)
   RCC->PLLSAICFGR = RCC_PLLSAICFGR_PLLSAIM_4 | RCC_PLLSAICFGR_PLLSAIN_6 | RCC_PLLSAICFGR_PLLSAIN_7 | RCC_PLLSAICFGR_PLLSAIQ_2;
                                                ^~~~~~~~~~~~~~~~~~~~~~~~
..\Drivers\STM32F4xx_HAL_Driver\Src\stm32f4xx_hal_rcc_ex.c:3276:75: error: 'RCC_PLLSAICFGR_PLLSAIN_7' undeclared (first use in this function)
   RCC->PLLSAICFGR = RCC_PLLSAICFGR_PLLSAIM_4 | RCC_PLLSAICFGR_PLLSAIN_6 | RCC_PLLSAICFGR_PLLSAIN_7 | RCC_PLLSAICFGR_PLLSAIQ_2;
                                                                           ^~~~~~~~~~~~~~~~~~~~~~~~
..\Drivers\STM32F4xx_HAL_Driver\Src\stm32f4xx_hal_rcc_ex.c:3276:102: error: 'RCC_PLLSAICFGR_PLLSAIQ_2' undeclared (first use in this function)
   RCC->PLLSAICFGR = RCC_PLLSAICFGR_PLLSAIM_4 | RCC_PLLSAICFGR_PLLSAIN_6 | RCC_PLLSAICFGR_PLLSAIN_7 | RCC_PLLSAICFGR_PLLSAIQ_2;
                                                                                                      ^~~~~~~~~~~~~~~~~~~~~~~~
..\Drivers\STM32F4xx_HAL_Driver\Src\stm32f4xx_hal_rcc_ex.c: In function 'HAL_RCC_OscConfig':
..\Drivers\STM32F4xx_HAL_Driver\Src\stm32f4xx_hal_rcc_ex.c:3354:42: error: 'RCC_CFGR_SWS_PLLR' undeclared (first use in this function)
       ((__HAL_RCC_GET_SYSCLK_SOURCE() == RCC_CFGR_SWS_PLLR) && ((RCC->PLLCFGR & RCC_PLLCFGR_PLLSRC) == RCC_PLLCFGR_PLLSRC_HSE)))
                                          ^~~~~~~~~~~~~~~~~
In file included from ../Drivers/STM32F4xx_HAL_Driver/Inc/stm32f4xx_hal_def.h:46:0,
                 from ../Drivers/STM32F4xx_HAL_Driver/Inc/stm32f4xx_hal_rcc.h:45,
                 from ../Inc/stm32f4xx_hal_conf.h:245,
                 from ../Drivers/STM32F4xx_HAL_Driver/Inc/stm32f4xx_hal.h:46,
                 from ..\Drivers\STM32F4xx_HAL_Driver\Src\stm32f4xx_hal_rcc_ex.c:41:
../Drivers/STM32F4xx_HAL_Driver/Inc/stm32f4xx_hal_rcc.h:863:64: error: 'RCC_CR_HSITRIM_Pos' undeclared (first use in this function)
         RCC_CR_HSITRIM, (uint32_t)(__HSICalibrationValue__) << RCC_CR_HSITRIM_Pos))
                                                                ^
../Inc/stm32f4xx.h:9129:41: note: in definition of macro 'WRITE_REG'
 #define WRITE_REG(REG, VAL)   ((REG) = (VAL))
                                         ^~~
../Drivers/STM32F4xx_HAL_Driver/Inc/stm32f4xx_hal_rcc.h:862:73: note: in expansion of macro 'MODIFY_REG'
 #define __HAL_RCC_HSI_CALIBRATIONVALUE_ADJUST(__HSICalibrationValue__) (MODIFY_REG(RCC->CR,\
                                                                         ^~~~~~~~~~
..\Drivers\STM32F4xx_HAL_Driver\Src\stm32f4xx_hal_rcc_ex.c:3427:9: note: in expansion of macro '__HAL_RCC_HSI_CALIBRATIONVALUE_ADJUST'
         __HAL_RCC_HSI_CALIBRATIONVALUE_ADJUST(RCC_OscInitStruct->HSICalibrationValue);
         ^
In file included from ../Drivers/STM32F4xx_HAL_Driver/Inc/stm32f4xx_hal_rcc.h:49:0,
                 from ../Inc/stm32f4xx_hal_conf.h:245,
                 from ../Drivers/STM32F4xx_HAL_Driver/Inc/stm32f4xx_hal.h:46,
                 from ..\Drivers\STM32F4xx_HAL_Driver\Src\stm32f4xx_hal_rcc_ex.c:41:
../Drivers/STM32F4xx_HAL_Driver/Inc/stm32f4xx_hal_rcc_ex.h:5757:44: error: 'RCC_PLLCFGR_PLLN_Pos' undeclared (first use in this function)
                             ((__PLLN__) << RCC_PLLCFGR_PLLN_Pos)                      | \
                                            ^
..\Drivers\STM32F4xx_HAL_Driver\Src\stm32f4xx_hal_rcc_ex.c:3619:9: note: in expansion of macro '__HAL_RCC_PLL_CONFIG'
         __HAL_RCC_PLL_CONFIG(RCC_OscInitStruct->PLL.PLLSource,
         ^~~~~~~~~~~~~~~~~~~~
../Drivers/STM32F4xx_HAL_Driver/Inc/stm32f4xx_hal_rcc_ex.h:5758:58: error: 'RCC_PLLCFGR_PLLP_Pos' undeclared (first use in this function)
                             ((((__PLLP__) >> 1U) -1U) << RCC_PLLCFGR_PLLP_Pos)          | \
                                                          ^
..\Drivers\STM32F4xx_HAL_Driver\Src\stm32f4xx_hal_rcc_ex.c:3619:9: note: in expansion of macro '__HAL_RCC_PLL_CONFIG'
         __HAL_RCC_PLL_CONFIG(RCC_OscInitStruct->PLL.PLLSource,
         ^~~~~~~~~~~~~~~~~~~~
../Drivers/STM32F4xx_HAL_Driver/Inc/stm32f4xx_hal_rcc_ex.h:5759:44: error: 'RCC_PLLCFGR_PLLQ_Pos' undeclared (first use in this function)
                             ((__PLLQ__) << RCC_PLLCFGR_PLLQ_Pos)                      | \
                                            ^
..\Drivers\STM32F4xx_HAL_Driver\Src\stm32f4xx_hal_rcc_ex.c:3619:9: note: in expansion of macro '__HAL_RCC_PLL_CONFIG'
         __HAL_RCC_PLL_CONFIG(RCC_OscInitStruct->PLL.PLLSource,
         ^~~~~~~~~~~~~~~~~~~~
../Drivers/STM32F4xx_HAL_Driver/Inc/stm32f4xx_hal_rcc_ex.h:5760:44: error: 'RCC_PLLCFGR_PLLR_Pos' undeclared (first use in this function)
                             ((__PLLR__) << RCC_PLLCFGR_PLLR_Pos)))
                                            ^
..\Drivers\STM32F4xx_HAL_Driver\Src\stm32f4xx_hal_rcc_ex.c:3619:9: note: in expansion of macro '__HAL_RCC_PLL_CONFIG'
         __HAL_RCC_PLL_CONFIG(RCC_OscInitStruct->PLL.PLLSource,
         ^~~~~~~~~~~~~~~~~~~~
..\Drivers\STM32F4xx_HAL_Driver\Src\stm32f4xx_hal_rcc_ex.c: In function 'HAL_RCC_GetOscConfig':
..\Drivers\STM32F4xx_HAL_Driver\Src\stm32f4xx_hal_rcc_ex.c:3705:84: error: 'RCC_CR_HSITRIM_Pos' undeclared (first use in this function)
   RCC_OscInitStruct->HSICalibrationValue = (uint32_t)((RCC->CR &RCC_CR_HSITRIM) >> RCC_CR_HSITRIM_Pos);
                                                                                    ^~~~~~~~~~~~~~~~~~
..\Drivers\STM32F4xx_HAL_Driver\Src\stm32f4xx_hal_rcc_ex.c:3742:81: error: 'RCC_PLLCFGR_PLLN_Pos' undeclared (first use in this function)
   RCC_OscInitStruct->PLL.PLLN = (uint32_t)((RCC->PLLCFGR & RCC_PLLCFGR_PLLN) >> RCC_PLLCFGR_PLLN_Pos);
                                                                                 ^~~~~~~~~~~~~~~~~~~~
..\Drivers\STM32F4xx_HAL_Driver\Src\stm32f4xx_hal_rcc_ex.c:3743:112: error: 'RCC_PLLCFGR_PLLP_Pos' undeclared (first use in this function)
   RCC_OscInitStruct->PLL.PLLP = (uint32_t)((((RCC->PLLCFGR & RCC_PLLCFGR_PLLP) + RCC_PLLCFGR_PLLP_0) << 1U) >> RCC_PLLCFGR_PLLP_Pos);
                                                                                                                ^~~~~~~~~~~~~~~~~~~~
..\Drivers\STM32F4xx_HAL_Driver\Src\stm32f4xx_hal_rcc_ex.c:3744:81: error: 'RCC_PLLCFGR_PLLQ_Pos' undeclared (first use in this function)
   RCC_OscInitStruct->PLL.PLLQ = (uint32_t)((RCC->PLLCFGR & RCC_PLLCFGR_PLLQ) >> RCC_PLLCFGR_PLLQ_Pos);
                                                                                 ^~~~~~~~~~~~~~~~~~~~
..\Drivers\STM32F4xx_HAL_Driver\Src\stm32f4xx_hal_rcc_ex.c:3745:60: error: 'RCC_PLLCFGR_PLLR' undeclared (first use in this function)
   RCC_OscInitStruct->PLL.PLLR = (uint32_t)((RCC->PLLCFGR & RCC_PLLCFGR_PLLR) >> RCC_PLLCFGR_PLLR_Pos);
                                                            ^~~~~~~~~~~~~~~~
..\Drivers\STM32F4xx_HAL_Driver\Src\stm32f4xx_hal_rcc_ex.c:3745:81: error: 'RCC_PLLCFGR_PLLR_Pos' undeclared (first use in this function)
   RCC_OscInitStruct->PLL.PLLR = (uint32_t)((RCC->PLLCFGR & RCC_PLLCFGR_PLLR) >> RCC_PLLCFGR_PLLR_Pos);
                                                                                 ^~~~~~~~~~~~~~~~~~~~
14:30:40 **** Rebuild of configuration Debug for project rot_enc ****
Info: Internal Builder is used for build
arm-atollic-eabi-gcc -c -mthumb -mcpu=cortex-m4 -mfloat-abi=hard -mfpu=fpv4-sp-d16 -std=gnu11 -D__weak=__attribute__((weak)) -D__packed=__attribute__((__packed__)) -DUSE_HAL_DRIVER -DSTM32F446xx -I../Inc -I../Drivers/STM32F4xx_HAL_Driver/Inc -I../Drivers/STM32F4xx_HAL_Driver/Inc/Legacy -I../Drivers/CMSIS/Device/ST/STM32F4xx/Include -I../Drivers/CMSIS/Include -Os -ffunction-sections -fdata-sections -g -fstack-usage -Wall -specs=nano.specs -o Drivers\STM32F4xx_HAL_Driver\Src\stm32f4xx_hal_flash.o ..\Drivers\STM32F4xx_HAL_Driver\Src\stm32f4xx_hal_flash.c 
In file included from ../Drivers/STM32F4xx_HAL_Driver/Inc/stm32f4xx_hal_def.h:46:0,
                 from ../Drivers/STM32F4xx_HAL_Driver/Inc/stm32f4xx_hal_rcc.h:45,
                 from ../Inc/stm32f4xx_hal_conf.h:245,
                 from ../Drivers/STM32F4xx_HAL_Driver/Inc/stm32f4xx_hal.h:46,
                 from ..\Drivers\STM32F4xx_HAL_Driver\Src\stm32f4xx_hal_flash.c:94:
../Inc/stm32f4xx.h:9114:30: fatal error: stm32f4xx_conf.h: No such file or directory
   #include "stm32f4xx_conf.h"
                              ^
compilation terminated.
14:35:32 **** Rebuild of configuration Debug for project rot_enc ****
Info: Internal Builder is used for build
arm-atollic-eabi-gcc -c -mthumb -mcpu=cortex-m4 -mfloat-abi=hard -mfpu=fpv4-sp-d16 -std=gnu11 -D__weak=__attribute__((weak)) -D__packed=__attribute__((__packed__)) -DUSE_HAL_DRIVER -DSTM32F446xx -I../Inc -I../Drivers/STM32F4xx_HAL_Driver/Inc -I../Drivers/STM32F4xx_HAL_Driver/Inc/Legacy -I../Drivers/CMSIS/Device/ST/STM32F4xx/Include -I../Drivers/CMSIS/Include -Os -ffunction-sections -fdata-sections -g -fstack-usage -Wall -specs=nano.specs -o Drivers\STM32F4xx_HAL_Driver\Src\stm32f4xx_hal.o ..\Drivers\STM32F4xx_HAL_Driver\Src\stm32f4xx_hal.c 
In file included from ../Drivers/STM32F4xx_HAL_Driver/Inc/stm32f4xx_hal_def.h:46:0,
                 from ../Drivers/STM32F4xx_HAL_Driver/Inc/stm32f4xx_hal_rcc.h:45,
                 from ../Inc/stm32f4xx_hal_conf.h:245,
                 from ../Drivers/STM32F4xx_HAL_Driver/Inc/stm32f4xx_hal.h:46,
                 from ..\Drivers\STM32F4xx_HAL_Driver\Src\stm32f4xx_hal.c:52:
../Inc/stm32f4xx.h:9114:30: fatal error: stm32f4xx_conf.h: No such file or directory
   #include "stm32f4xx_conf.h"
                              ^
compilation terminated.
14:37:33 **** Rebuild of configuration Debug for project rot_enc ****
Info: Internal Builder is used for build
arm-atollic-eabi-gcc -c -mthumb -mcpu=cortex-m4 -mfloat-abi=hard -mfpu=fpv4-sp-d16 -std=gnu11 -D__weak=__attribute__((weak)) -D__packed=__attribute__((__packed__)) -DUSE_HAL_DRIVER -DSTM32F446xx -I../Inc -I../Drivers/STM32F4xx_HAL_Driver/Inc -I../Drivers/STM32F4xx_HAL_Driver/Inc/Legacy -I../Drivers/CMSIS/Device/ST/STM32F4xx/Include -I../Drivers/CMSIS/Include -Os -ffunction-sections -fdata-sections -g -fstack-usage -Wall -specs=nano.specs -o Src\stm32f4xx_it.o ..\Src\stm32f4xx_it.c 
In file included from ../Drivers/STM32F4xx_HAL_Driver/Inc/stm32f4xx_hal_def.h:46:0,
                 from ../Drivers/STM32F4xx_HAL_Driver/Inc/stm32f4xx_hal_rcc.h:45,
                 from ../Inc/stm32f4xx_hal_conf.h:245,
                 from ../Drivers/STM32F4xx_HAL_Driver/Inc/stm32f4xx_hal.h:46,
                 from ..\Src\stm32f4xx_it.c:34:
../Inc/stm32f4xx.h:9114:30: fatal error: stm32f4xx_conf.h: No such file or directory
   #include "stm32f4xx_conf.h"
                              ^
compilation terminated.
